2018-07-10 08:44:03 +0000 [MT] Initial pipeline context: <IDEDistributionProcessingPipelineContext: 0x7ff3d888b7a0; archive(resolved)='<IDEArchive: 0x7ff3d8640350>', distributionTask(resolved)='2', distributionMethod(resolved)='<IDEDistributionMethodiOSAppStoreExport: 0x7ff3d83f2dd0>', team(resolved)='<IDEProvisioningBasicTeam: 0x7ff3d8859300; teamID='4Q92Z86L4P', teamName='Soft Prodigy System Solutions Pvt. Ltd'>'>
	Chain (11, self inclusive):
	<IDEDistributionProcessingPipelineContext: 0x7ff3d888b7a0; archive = '<IDEArchive: 0x7ff3d8640350>', distributionMethod='<IDEDistributionMethodiOSAppStoreExport: 0x7ff3d83f2dd0>', team='<IDEProvisioningBasicTeam: 0x7ff3d8859300; teamID='4Q92Z86L4P', teamName='Soft Prodigy System Solutions Pvt. Ltd'>'>
	<IDEDistributionProcessingPipelineContext: 0x7ff3d8888a90; archive = '<IDEArchive: 0x7ff3d8640350>', distributionMethod='<IDEDistributionMethodiOSAppStoreExport: 0x7ff3d83f2dd0>', team='<IDEProvisioningBasicTeam: 0x7ff3d8859300; teamID='4Q92Z86L4P', teamName='Soft Prodigy System Solutions Pvt. Ltd'>'>
	<IDEDistributionContext: 0x7ff3d86ccbe0; archive = '<IDEArchive: 0x7ff3d8640350>', distributionMethod='<IDEDistributionMethodiOSAppStoreExport: 0x7ff3d83f2dd0>', team='<IDEProvisioningBasicTeam: 0x7ff3d8859300; teamID='4Q92Z86L4P', teamName='Soft Prodigy System Solutions Pvt. Ltd'>'>
	<IDEDistributionContext: 0x7ff3d86a7010; archive = '<IDEArchive: 0x7ff3d8640350>', distributionMethod='<IDEDistributionMethodiOSAppStoreExport: 0x7ff3d83f2dd0>', team='<IDEProvisioningBasicTeam: 0x7ff3d8859300; teamID='4Q92Z86L4P', teamName='Soft Prodigy System Solutions Pvt. Ltd'>'>
	<IDEDistributionContext: 0x7ff3d887ff40; archive = '<IDEArchive: 0x7ff3d8640350>', distributionMethod='<IDEDistributionMethodiOSAppStoreExport: 0x7ff3d83f2dd0>', team='<IDEProvisioningBasicTeam: 0x7ff3d8859300; teamID='4Q92Z86L4P', teamName='Soft Prodigy System Solutions Pvt. Ltd'>'>
	<IDEDistributionContext: 0x7ff3d88726e0; archive = '<IDEArchive: 0x7ff3d8640350>', distributionMethod='<IDEDistributionMethodiOSAppStoreExport: 0x7ff3d83f2dd0>', team='<IDEProvisioningBasicTeam: 0x7ff3d8859300; teamID='4Q92Z86L4P', teamName='Soft Prodigy System Solutions Pvt. Ltd'>'>
	<IDEDistributionContext: 0x7ff3d885c600; archive = '<IDEArchive: 0x7ff3d8640350>', distributionMethod='<IDEDistributionMethodiOSAppStoreExport: 0x7ff3d83f2dd0>', team='<IDEProvisioningBasicTeam: 0x7ff3d8859300; teamID='4Q92Z86L4P', teamName='Soft Prodigy System Solutions Pvt. Ltd'>'>
	<IDEDistributionContext: 0x7ff3d82d10a0; archive = '<IDEArchive: 0x7ff3d8640350>', distributionMethod='<IDEDistributionMethodiOSAppStoreExport: 0x7ff3d83f2dd0>', team='<IDEProvisioningBasicTeam: 0x7ff3d8859300; teamID='4Q92Z86L4P', teamName='Soft Prodigy System Solutions Pvt. Ltd'>'>
	<IDEDistributionContext: 0x7ff3d5e95600; archive = '<IDEArchive: 0x7ff3d8640350>', distributionMethod='<IDEDistributionMethodiOSAppStoreExport: 0x7ff3d83f2dd0>', team='<IDEProvisioningBasicTeam: 0x7ff3d8859300; teamID='4Q92Z86L4P', teamName='Soft Prodigy System Solutions Pvt. Ltd'>'>
	<IDEDistributionContext: 0x7ff3d87808d0; archive = '<IDEArchive: 0x7ff3d8640350>', distributionMethod='<IDEDistributionMethodiOSAppStoreExport: 0x7ff3d83f2dd0>', team='(null)'>
	<IDEDistributionContext: 0x7ff3d8640f10; archive = '<IDEArchive: 0x7ff3d8640350>', distributionMethod='(null)', team='(null)'>
</IDEDistributionProcessingPipelineContext: 0x7ff3d888b7a0>
2018-07-10 08:44:03 +0000 [MT] Processing step: IDEDistributionCreateDestRootStep
2018-07-10 08:44:03 +0000 [MT] Processing step: IDEDistributionCopyItemStep
2018-07-10 08:44:03 +0000 [MT] Running /usr/bin/ditto '-V' '/Users/Shared/Jenkins/Desktop/sampleProject/sampleProject/build/Release-iphoneos/sampleProject.xcarchive/Products/Applications/sampleProject.app' '/var/folders/qv/t1l9z4p13_q1r4758z6xtlfw00008b/T/XcodeDistPipeline.PoW/Root/Payload/sampleProject.app'
2018-07-10 08:44:03 +0000  >>> Copying /Users/Shared/Jenkins/Desktop/sampleProject/sampleProject/build/Release-iphoneos/sampleProject.xcarchive/Products/Applications/sampleProject.app 
2018-07-10 08:44:03 +0000  copying file ./_CodeSignature/CodeResources ... 
8689 bytes for ./_CodeSignature/CodeResources
copying file ./Base.lproj/LaunchScreen.storyboardc/01J-lp-oVM-view-Ze5-6b-2t3.nib ... 
1984 bytes for ./Base.lproj/LaunchScreen.storyboardc/01J-lp-oVM-view-Ze5-6b-2t3.nib
copying file ./Base.lproj/LaunchScreen.storyboardc/Info.plist ... 
258 bytes for ./Base.lproj/LaunchScreen.storyboardc/Info.plist
copying file ./Base.lproj/LaunchScreen.storyboardc/UIViewController-01J-lp-oVM.nib ... 
832 bytes for ./Base.lproj/LaunchScreen.storyboardc/UIViewController-01J-lp-oVM.nib
copying file ./Base.lproj/Main.storyboardc/BYZ-38-t0r-view-8bC-Xf-vdC.nib ... 
1986 bytes for ./Base.lproj/Main.storyboardc/BYZ-38-t0r-view-8bC-Xf-vdC.nib
copying file ./Base.lproj/Main.storyboardc/Info.plist ... 
258 bytes for ./Base.lproj/Main.storyboardc/Info.plist
copying file ./Base.lproj/Main.storyboardc/UIViewController-BYZ-38-t0r.nib ... 
937 bytes for ./Base.lproj/Main.storyboardc/UIViewController-BYZ-38-t0r.nib
copying file ./embedded.mobileprovision ... 
11751 bytes for ./embedded.mobileprovision
copying file ./Frameworks/libswiftCore.dylib ... 
2018-07-10 08:44:04 +0000  66629600 bytes for ./Frameworks/libswiftCore.dylib
copying file ./Frameworks/libswiftCoreFoundation.dylib ... 
2018-07-10 08:44:04 +0000  257760 bytes for ./Frameworks/libswiftCoreFoundation.dylib
copying file ./Frameworks/libswiftCoreGraphics.dylib ... 
1628576 bytes for ./Frameworks/libswiftCoreGraphics.dylib
copying file ./Frameworks/libswiftCoreImage.dylib ... 
307648 bytes for ./Frameworks/libswiftCoreImage.dylib
copying file ./Frameworks/libswiftDarwin.dylib ... 
838752 bytes for ./Frameworks/libswiftDarwin.dylib
copying file ./Frameworks/libswiftDispatch.dylib ... 
2018-07-10 08:44:04 +0000  2722320 bytes for ./Frameworks/libswiftDispatch.dylib
copying file ./Frameworks/libswiftFoundation.dylib ... 
2018-07-10 08:44:04 +0000  30131408 bytes for ./Frameworks/libswiftFoundation.dylib
copying file ./Frameworks/libswiftMetal.dylib ... 
2018-07-10 08:44:04 +0000  448912 bytes for ./Frameworks/libswiftMetal.dylib
copying file ./Frameworks/libswiftObjectiveC.dylib ... 
2018-07-10 08:44:04 +0000  2018-07-10 08:44:04 +0000 [MT] /usr/bin/ditto exited with 0

2018-07-10 08:44:04 +0000  554112 bytes for ./Frameworks/libswiftObjectiveC.dylib
copying file ./Frameworks/libswiftos.dylib ... 
497168 bytes for ./Frameworks/libswiftos.dylib
copying file ./Frameworks/libswiftQuartzCore.dylib ... 
310640 bytes for ./Frameworks/libswiftQuartzCore.dylib
copying file ./Frameworks/libswiftUIKit.dylib ... 
1043040 bytes for ./Frameworks/libswiftUIKit.dylib
copying file ./Info.plist ... 
1127 bytes for ./Info.plist
copying file ./PkgInfo ... 
8 bytes for ./PkgInfo
copying file ./sampleProject ... 
346064 bytes for ./sampleProject
2018-07-10 08:44:04 +0000  2018-07-10 08:44:04 +0000 [MT] Processing step: IDEDistributionEmbedProfileStep

2018-07-10 08:44:04 +0000 [MT] Skipping profile for item: <IDEDistributionItem: 0x7ff3d8839fe0 'com.apple.dt.runtime.swiftCore' '<DVTFilePath:0x7ff3d87f9390:'/Users/Shared/Jenkins/Desktop/sampleProject/sampleProject/build/Release-iphoneos/sampleProject.xcarchive/Products/Applications/sampleProject.app/Frameworks/libswiftCore.dylib'>'>
2018-07-10 08:44:04 +0000 [MT] Skipping profile for item: <IDEDistributionItem: 0x7ff3d8673dc0 'com.apple.dt.runtime.swiftCoreFoundation' '<DVTFilePath:0x7ff3d87f6310:'/Users/Shared/Jenkins/Desktop/sampleProject/sampleProject/build/Release-iphoneos/sampleProject.xcarchive/Products/Applications/sampleProject.app/Frameworks/libswiftCoreFoundation.dylib'>'>
2018-07-10 08:44:04 +0000 [MT] Skipping profile for item: <IDEDistributionItem: 0x7ff3d5ea9ea0 'com.apple.dt.runtime.swiftCoreGraphics' '<DVTFilePath:0x7ff3d87f73c0:'/Users/Shared/Jenkins/Desktop/sampleProject/sampleProject/build/Release-iphoneos/sampleProject.xcarchive/Products/Applications/sampleProject.app/Frameworks/libswiftCoreGraphics.dylib'>'>
2018-07-10 08:44:04 +0000 [MT] Skipping profile for item: <IDEDistributionItem: 0x7ff3d8839ee0 'com.apple.dt.runtime.swiftCoreImage' '<DVTFilePath:0x7ff3d87fa6e0:'/Users/Shared/Jenkins/Desktop/sampleProject/sampleProject/build/Release-iphoneos/sampleProject.xcarchive/Products/Applications/sampleProject.app/Frameworks/libswiftCoreImage.dylib'>'>
2018-07-10 08:44:04 +0000 [MT] Skipping profile for item: <IDEDistributionItem: 0x7ff3d86a41e0 'com.apple.dt.runtime.swiftDarwin' '<DVTFilePath:0x7ff3d87fba20:'/Users/Shared/Jenkins/Desktop/sampleProject/sampleProject/build/Release-iphoneos/sampleProject.xcarchive/Products/Applications/sampleProject.app/Frameworks/libswiftDarwin.dylib'>'>
2018-07-10 08:44:04 +0000 [MT] Skipping profile for item: <IDEDistributionItem: 0x7ff3d8819630 'com.apple.dt.runtime.swiftDispatch' '<DVTFilePath:0x7ff3d87f0000:'/Users/Shared/Jenkins/Desktop/sampleProject/sampleProject/build/Release-iphoneos/sampleProject.xcarchive/Products/Applications/sampleProject.app/Frameworks/libswiftDispatch.dylib'>'>
2018-07-10 08:44:04 +0000 [MT] Skipping profile for item: <IDEDistributionItem: 0x7ff3d884a830 'com.apple.dt.runtime.swiftFoundation' '<DVTFilePath:0x7ff3d87f1390:'/Users/Shared/Jenkins/Desktop/sampleProject/sampleProject/build/Release-iphoneos/sampleProject.xcarchive/Products/Applications/sampleProject.app/Frameworks/libswiftFoundation.dylib'>'>
2018-07-10 08:44:04 +0000 [MT] Skipping profile for item: <IDEDistributionItem: 0x7ff3d87ebab0 'com.apple.dt.runtime.swiftMetal' '<DVTFilePath:0x7ff3d8800440:'/Users/Shared/Jenkins/Desktop/sampleProject/sampleProject/build/Release-iphoneos/sampleProject.xcarchive/Products/Applications/sampleProject.app/Frameworks/libswiftMetal.dylib'>'>
2018-07-10 08:44:04 +0000 [MT] Skipping profile for item: <IDEDistributionItem: 0x7ff3d881e480 'com.apple.dt.runtime.swiftObjectiveC' '<DVTFilePath:0x7ff3d88016f0:'/Users/Shared/Jenkins/Desktop/sampleProject/sampleProject/build/Release-iphoneos/sampleProject.xcarchive/Products/Applications/sampleProject.app/Frameworks/libswiftObjectiveC.dylib'>'>
2018-07-10 08:44:04 +0000 [MT] Skipping profile for item: <IDEDistributionItem: 0x7ff3d8834de0 'com.apple.dt.runtime.swiftQuartzCore' '<DVTFilePath:0x7ff3d8803db0:'/Users/Shared/Jenkins/Desktop/sampleProject/sampleProject/build/Release-iphoneos/sampleProject.xcarchive/Products/Applications/sampleProject.app/Frameworks/libswiftQuartzCore.dylib'>'>
2018-07-10 08:44:04 +0000 [MT] Skipping profile for item: <IDEDistributionItem: 0x7ff3d88374e0 'com.apple.dt.runtime.swiftUIKit' '<DVTFilePath:0x7ff3d8805180:'/Users/Shared/Jenkins/Desktop/sampleProject/sampleProject/build/Release-iphoneos/sampleProject.xcarchive/Products/Applications/sampleProject.app/Frameworks/libswiftUIKit.dylib'>'>
2018-07-10 08:44:04 +0000 [MT] Skipping profile for item: <IDEDistributionItem: 0x7ff3d8673c40 'com.apple.dt.runtime.swiftos' '<DVTFilePath:0x7ff3d8802ad0:'/Users/Shared/Jenkins/Desktop/sampleProject/sampleProject/build/Release-iphoneos/sampleProject.xcarchive/Products/Applications/sampleProject.app/Frameworks/libswiftos.dylib'>'>
2018-07-10 08:44:04 +0000 [MT] Processing step: IDEDistributionItemRemovalStep
2018-07-10 08:44:04 +0000 [MT] Processing step: IDEDistributionAppThinningPlistStep
2018-07-10 08:44:04 +0000 [MT] Skipping step: IDEDistributionAppThinningPlistStep because it said so
2018-07-10 08:44:04 +0000 [MT] Processing step: IDEDistributionCompileBitcodeStep
2018-07-10 08:44:04 +0000 [MT] Skipping step: IDEDistributionCompileBitcodeStep because it said so
2018-07-10 08:44:04 +0000 [MT] Processing step: IDEDistributionCodeSlimmingStep
2018-07-10 08:44:04 +0000 [MT] Processing step: IDEDistributionCopyBCSymbolMapsStep
2018-07-10 08:44:05 +0000 [MT] Running /usr/bin/ditto '-V' '/Users/Shared/Jenkins/Desktop/sampleProject/sampleProject/build/Release-iphoneos/sampleProject.xcarchive/BCSymbolMaps/1163B5DD-1520-3AF9-B635-77F4EFB0D3A2.bcsymbolmap' '/var/folders/qv/t1l9z4p13_q1r4758z6xtlfw00008b/T/XcodeDistPipeline.PoW/Root/BCSymbolMaps/1163B5DD-1520-3AF9-B635-77F4EFB0D3A2.bcsymbolmap'
2018-07-10 08:44:05 +0000  >>> Copying /Users/Shared/Jenkins/Desktop/sampleProject/sampleProject/build/Release-iphoneos/sampleProject.xcarchive/BCSymbolMaps/1163B5DD-1520-3AF9-B635-77F4EFB0D3A2.bcsymbolmap 
2018-07-10 08:44:05 +0000  copying file ./1163B5DD-1520-3AF9-B635-77F4EFB0D3A2.bcsymbolmap ... 
2018-07-10 08:44:05 +0000  12911 bytes for ./1163B5DD-1520-3AF9-B635-77F4EFB0D3A2.bcsymbolmap
2018-07-10 08:44:05 +0000  
2018-07-10 08:44:05 +0000  2018-07-10 08:44:05 +0000 [MT] /usr/bin/ditto exited with 0

2018-07-10 08:44:05 +0000  
2018-07-10 08:44:05 +0000  
2018-07-10 08:44:05 +0000 [MT] Running /usr/bin/ditto '-V' '/Users/Shared/Jenkins/Desktop/sampleProject/sampleProject/build/Release-iphoneos/sampleProject.xcarchive/BCSymbolMaps/2651368E-FCBE-3B70-AC92-9C1620DDD721.bcsymbolmap' '/var/folders/qv/t1l9z4p13_q1r4758z6xtlfw00008b/T/XcodeDistPipeline.PoW/Root/BCSymbolMaps/2651368E-FCBE-3B70-AC92-9C1620DDD721.bcsymbolmap'
2018-07-10 08:44:05 +0000  >>> Copying /Users/Shared/Jenkins/Desktop/sampleProject/sampleProject/build/Release-iphoneos/sampleProject.xcarchive/BCSymbolMaps/2651368E-FCBE-3B70-AC92-9C1620DDD721.bcsymbolmap 
2018-07-10 08:44:05 +0000  copying file ./2651368E-FCBE-3B70-AC92-9C1620DDD721.bcsymbolmap ... 
2018-07-10 08:44:05 +0000  12935 bytes for ./2651368E-FCBE-3B70-AC92-9C1620DDD721.bcsymbolmap
2018-07-10 08:44:05 +0000  
2018-07-10 08:44:05 +0000  2018-07-10 08:44:05 +0000 [MT] /usr/bin/ditto exited with 0

2018-07-10 08:44:05 +0000  
2018-07-10 08:44:05 +0000  
2018-07-10 08:44:05 +0000 [MT] Processing step: IDEDistributionSymbolsStep
2018-07-10 08:44:05 +0000 [MT] Processing symbols for libswiftCore.dylib
2018-07-10 08:44:05 +0000 [MT] Running /usr/bin/rsync '-8aPhhE' '/var/folders/qv/t1l9z4p13_q1r4758z6xtlfw00008b/T/XcodeDistPipeline.PoW/Root/Payload/sampleProject.app/Frameworks/libswiftCore.dylib' '--link-dest' '/var/folders/qv/t1l9z4p13_q1r4758z6xtlfw00008b/T/XcodeDistPipeline.PoW/Root/Payload/sampleProject.app/Frameworks' '/var/folders/qv/t1l9z4p13_q1r4758z6xtlfw00008b/T/XcodeDistPipeline.PoW'
2018-07-10 08:44:05 +0000  building file list ... 
2018-07-10 08:44:05 +0000   0 files...2018-07-10 08:44:05 +0000  1 file to consider
2018-07-10 08:44:05 +0000  
sent 93 bytes  received 20 bytes  226.00 bytes/sec
total size is 63.54M  speedup is 589642.48
2018-07-10 08:44:05 +0000  
2018-07-10 08:44:05 +0000  2018-07-10 08:44:05 +0000 [MT] /usr/bin/rsync exited with 0

2018-07-10 08:44:05 +0000  
2018-07-10 08:44:05 +0000  
2018-07-10 08:44:05 +0000 [MT] Running /usr/bin/rsync '-8aPhhE' '/Users/Shared/Jenkins/Desktop/sampleProject/sampleProject/build/Release-iphoneos/sampleProject.xcarchive/dSYMs/' '--link-dest' '/Users/Shared/Jenkins/Desktop/sampleProject/sampleProject/build/Release-iphoneos/sampleProject.xcarchive/dSYMs/' '/var/folders/qv/t1l9z4p13_q1r4758z6xtlfw00008b/T/XcodeDistPipeline.PoW'
2018-07-10 08:44:05 +0000  building file list ... 
2018-07-10 08:44:05 +0000   0 files...2018-07-10 08:44:05 +0000  7 files to consider
2018-07-10 08:44:05 +0000  ./
2018-07-10 08:44:05 +0000  sampleProject.app.dSYM/
2018-07-10 08:44:05 +0000  sampleProject.app.dSYM/Contents/
sampleProject.app.dSYM/Contents/Resources/
sampleProject.app.dSYM/Contents/Resources/DWARF/
2018-07-10 08:44:05 +0000  
2018-07-10 08:44:05 +0000  
2018-07-10 08:44:05 +0000  sent 241 bytes  received 50 bytes  582.00 bytes/sec
total size is 160.14K  speedup is 563.52
2018-07-10 08:44:05 +0000 [MT] /usr/bin/rsync exited with 0
2018-07-10 08:44:05 +0000  
2018-07-10 08:44:05 +0000  
2018-07-10 08:44:05 +0000 [MT] Running /Applications/Xcode.app/Contents/Developer/usr/bin/symbols '-noTextInSOD' '-noDaemon' '-arch' 'all' '-symbolsPackageDir' '/var/folders/qv/t1l9z4p13_q1r4758z6xtlfw00008b/T/XcodeDistPipeline.PoW/Symbols' '/var/folders/qv/t1l9z4p13_q1r4758z6xtlfw00008b/T/XcodeDistPipeline.PoW/libswiftCore.dylib'
2018-07-10 08:44:06 +0000  /var/folders/qv/t1l9z4p13_q1r4758z6xtlfw00008b/T/XcodeDistPipeline.PoW/libswiftCore.dylib [armv7, 0.365077 seconds]:
/var/folders/qv/t1l9z4p13_q1r4758z6xtlfw00008b/T/XcodeDistPipeline.PoW/libswiftCore.dylib [armv7s, 0.365077 seconds]:
/var/folders/qv/t1l9z4p13_q1r4758z6xtlfw00008b/T/XcodeDistPipeline.PoW/libswiftCore.dylib [arm64, 0.365077 seconds]:
2018-07-10 08:44:06 +0000  
2018-07-10 08:44:06 +0000  2018-07-10 08:44:06 +0000 [MT] /Applications/Xcode.app/Contents/Developer/usr/bin/symbols exited with 0

2018-07-10 08:44:06 +0000  
2018-07-10 08:44:06 +0000  
2018-07-10 08:44:06 +0000 [MT] Processing symbols for libswiftCoreFoundation.dylib
2018-07-10 08:44:06 +0000 [MT] Running /usr/bin/rsync '-8aPhhE' '/var/folders/qv/t1l9z4p13_q1r4758z6xtlfw00008b/T/XcodeDistPipeline.PoW/Root/Payload/sampleProject.app/Frameworks/libswiftCoreFoundation.dylib' '--link-dest' '/var/folders/qv/t1l9z4p13_q1r4758z6xtlfw00008b/T/XcodeDistPipeline.PoW/Root/Payload/sampleProject.app/Frameworks' '/var/folders/qv/t1l9z4p13_q1r4758z6xtlfw00008b/T/XcodeDistPipeline.PoW'
2018-07-10 08:44:06 +0000  building file list ... 
2018-07-10 08:44:06 +0000   0 files...2018-07-10 08:44:06 +0000  1 file to consider
2018-07-10 08:44:06 +0000  
sent 103 bytes  received 20 bytes  246.00 bytes/sec
2018-07-10 08:44:06 +0000  
2018-07-10 08:44:06 +0000  total size is 251.72K  speedup is 2095.61
2018-07-10 08:44:06 +0000 [MT] /usr/bin/rsync exited with 02018-07-10 08:44:06 +0000  

2018-07-10 08:44:06 +0000  
2018-07-10 08:44:06 +0000 [MT] Running /usr/bin/rsync '-8aPhhE' '/Users/Shared/Jenkins/Desktop/sampleProject/sampleProject/build/Release-iphoneos/sampleProject.xcarchive/dSYMs/' '--link-dest' '/Users/Shared/Jenkins/Desktop/sampleProject/sampleProject/build/Release-iphoneos/sampleProject.xcarchive/dSYMs/' '/var/folders/qv/t1l9z4p13_q1r4758z6xtlfw00008b/T/XcodeDistPipeline.PoW'
2018-07-10 08:44:06 +0000  building file list ... 
2018-07-10 08:44:06 +0000   0 files...2018-07-10 08:44:06 +0000  7 files to consider
2018-07-10 08:44:06 +0000  ./
2018-07-10 08:44:06 +0000  sampleProject.app.dSYM/
sampleProject.app.dSYM/Contents/
sampleProject.app.dSYM/Contents/Resources/
sampleProject.app.dSYM/Contents/Resources/DWARF/
2018-07-10 08:44:06 +0000  
2018-07-10 08:44:06 +0000  sent 253 bytes  received 62 bytes  630.00 bytes/sec
total size is 160.14K  speedup is 520.59
2018-07-10 08:44:06 +0000  2018-07-10 08:44:06 +0000 [MT] /usr/bin/rsync exited with 0

2018-07-10 08:44:06 +0000  
2018-07-10 08:44:06 +0000 [MT] Running /Applications/Xcode.app/Contents/Developer/usr/bin/symbols '-noTextInSOD' '-noDaemon' '-arch' 'all' '-symbolsPackageDir' '/var/folders/qv/t1l9z4p13_q1r4758z6xtlfw00008b/T/XcodeDistPipeline.PoW/Symbols' '/var/folders/qv/t1l9z4p13_q1r4758z6xtlfw00008b/T/XcodeDistPipeline.PoW/libswiftCoreFoundation.dylib'
2018-07-10 08:44:06 +0000  /var/folders/qv/t1l9z4p13_q1r4758z6xtlfw00008b/T/XcodeDistPipeline.PoW/libswiftCoreFoundation.dylib [armv7, 0.001438 seconds]:
/var/folders/qv/t1l9z4p13_q1r4758z6xtlfw00008b/T/XcodeDistPipeline.PoW/libswiftCoreFoundation.dylib [armv7s, 0.001438 seconds]:
/var/folders/qv/t1l9z4p13_q1r4758z6xtlfw00008b/T/XcodeDistPipeline.PoW/libswiftCoreFoundation.dylib [arm64, 0.001438 seconds]:
2018-07-10 08:44:06 +0000  
2018-07-10 08:44:06 +0000  2018-07-10 08:44:06 +0000 [MT] /Applications/Xcode.app/Contents/Developer/usr/bin/symbols exited with 0

2018-07-10 08:44:06 +0000  
2018-07-10 08:44:06 +0000  
2018-07-10 08:44:06 +0000 [MT] Processing symbols for libswiftCoreGraphics.dylib
2018-07-10 08:44:06 +0000 [MT] Running /usr/bin/rsync '-8aPhhE' '/var/folders/qv/t1l9z4p13_q1r4758z6xtlfw00008b/T/XcodeDistPipeline.PoW/Root/Payload/sampleProject.app/Frameworks/libswiftCoreGraphics.dylib' '--link-dest' '/var/folders/qv/t1l9z4p13_q1r4758z6xtlfw00008b/T/XcodeDistPipeline.PoW/Root/Payload/sampleProject.app/Frameworks' '/var/folders/qv/t1l9z4p13_q1r4758z6xtlfw00008b/T/XcodeDistPipeline.PoW'
2018-07-10 08:44:06 +0000  building file list ... 
2018-07-10 08:44:06 +0000   0 files...2018-07-10 08:44:06 +0000  1 file to consider
2018-07-10 08:44:06 +0000  
2018-07-10 08:44:06 +0000  2018-07-10 08:44:06 +0000  sent 101 bytes  received 20 bytes  242.00 bytes/sec
total size is 1.55M  speedup is 13459.31

2018-07-10 08:44:06 +0000 [MT] /usr/bin/rsync exited with 0
2018-07-10 08:44:06 +0000  2018-07-10 08:44:06 +0000  

2018-07-10 08:44:06 +0000 [MT] Running /usr/bin/rsync '-8aPhhE' '/Users/Shared/Jenkins/Desktop/sampleProject/sampleProject/build/Release-iphoneos/sampleProject.xcarchive/dSYMs/' '--link-dest' '/Users/Shared/Jenkins/Desktop/sampleProject/sampleProject/build/Release-iphoneos/sampleProject.xcarchive/dSYMs/' '/var/folders/qv/t1l9z4p13_q1r4758z6xtlfw00008b/T/XcodeDistPipeline.PoW'
2018-07-10 08:44:06 +0000  building file list ... 
2018-07-10 08:44:06 +0000   0 files...2018-07-10 08:44:06 +0000  7 files to consider
2018-07-10 08:44:06 +0000  ./
2018-07-10 08:44:06 +0000  sampleProject.app.dSYM/
sampleProject.app.dSYM/Contents/
sampleProject.app.dSYM/Contents/Resources/
sampleProject.app.dSYM/Contents/Resources/DWARF/
2018-07-10 08:44:06 +0000  
sent 253 bytes  received 62 bytes  630.00 bytes/sec
2018-07-10 08:44:06 +0000  
2018-07-10 08:44:06 +0000  total size is 160.14K  speedup is 520.59
2018-07-10 08:44:06 +0000 [MT] /usr/bin/rsync exited with 02018-07-10 08:44:06 +0000  

2018-07-10 08:44:06 +0000  
2018-07-10 08:44:06 +0000 [MT] Running /Applications/Xcode.app/Contents/Developer/usr/bin/symbols '-noTextInSOD' '-noDaemon' '-arch' 'all' '-symbolsPackageDir' '/var/folders/qv/t1l9z4p13_q1r4758z6xtlfw00008b/T/XcodeDistPipeline.PoW/Symbols' '/var/folders/qv/t1l9z4p13_q1r4758z6xtlfw00008b/T/XcodeDistPipeline.PoW/libswiftCoreGraphics.dylib'
2018-07-10 08:44:06 +0000  /var/folders/qv/t1l9z4p13_q1r4758z6xtlfw00008b/T/XcodeDistPipeline.PoW/libswiftCoreGraphics.dylib [armv7, 0.009954 seconds]:
/var/folders/qv/t1l9z4p13_q1r4758z6xtlfw00008b/T/XcodeDistPipeline.PoW/libswiftCoreGraphics.dylib [armv7s, 0.009954 seconds]:
/var/folders/qv/t1l9z4p13_q1r4758z6xtlfw00008b/T/XcodeDistPipeline.PoW/libswiftCoreGraphics.dylib [arm64, 0.009954 seconds]:
2018-07-10 08:44:06 +0000  2018-07-10 08:44:06 +0000  

2018-07-10 08:44:06 +0000 [MT] /Applications/Xcode.app/Contents/Developer/usr/bin/symbols exited with 0
2018-07-10 08:44:06 +0000  2018-07-10 08:44:06 +0000  

2018-07-10 08:44:06 +0000 [MT] Processing symbols for libswiftCoreImage.dylib
2018-07-10 08:44:06 +0000 [MT] Running /usr/bin/rsync '-8aPhhE' '/var/folders/qv/t1l9z4p13_q1r4758z6xtlfw00008b/T/XcodeDistPipeline.PoW/Root/Payload/sampleProject.app/Frameworks/libswiftCoreImage.dylib' '--link-dest' '/var/folders/qv/t1l9z4p13_q1r4758z6xtlfw00008b/T/XcodeDistPipeline.PoW/Root/Payload/sampleProject.app/Frameworks' '/var/folders/qv/t1l9z4p13_q1r4758z6xtlfw00008b/T/XcodeDistPipeline.PoW'
2018-07-10 08:44:06 +0000  building file list ... 
2018-07-10 08:44:06 +0000   0 files...2018-07-10 08:44:06 +0000  1 file to consider
2018-07-10 08:44:06 +0000  
sent 98 bytes  received 20 bytes  236.00 bytes/sec
total size is 300.44K  speedup is 2607.19
2018-07-10 08:44:06 +0000  
2018-07-10 08:44:06 +0000  
2018-07-10 08:44:06 +0000 [MT] /usr/bin/rsync exited with 02018-07-10 08:44:06 +0000  

2018-07-10 08:44:06 +0000  
2018-07-10 08:44:06 +0000 [MT] Running /usr/bin/rsync '-8aPhhE' '/Users/Shared/Jenkins/Desktop/sampleProject/sampleProject/build/Release-iphoneos/sampleProject.xcarchive/dSYMs/' '--link-dest' '/Users/Shared/Jenkins/Desktop/sampleProject/sampleProject/build/Release-iphoneos/sampleProject.xcarchive/dSYMs/' '/var/folders/qv/t1l9z4p13_q1r4758z6xtlfw00008b/T/XcodeDistPipeline.PoW'
2018-07-10 08:44:06 +0000  building file list ... 
2018-07-10 08:44:06 +0000   0 files...2018-07-10 08:44:06 +0000  7 files to consider
2018-07-10 08:44:06 +0000  ./
2018-07-10 08:44:06 +0000  sampleProject.app.dSYM/
sampleProject.app.dSYM/Contents/
sampleProject.app.dSYM/Contents/Resources/
sampleProject.app.dSYM/Contents/Resources/DWARF/
2018-07-10 08:44:06 +0000  
2018-07-10 08:44:06 +0000  
2018-07-10 08:44:06 +0000  sent 253 bytes  received 62 bytes  630.00 bytes/sec
total size is 160.14K  speedup is 520.59
2018-07-10 08:44:06 +0000 [MT] /usr/bin/rsync exited with 0
2018-07-10 08:44:06 +0000  
2018-07-10 08:44:06 +0000  
2018-07-10 08:44:06 +0000 [MT] Running /Applications/Xcode.app/Contents/Developer/usr/bin/symbols '-noTextInSOD' '-noDaemon' '-arch' 'all' '-symbolsPackageDir' '/var/folders/qv/t1l9z4p13_q1r4758z6xtlfw00008b/T/XcodeDistPipeline.PoW/Symbols' '/var/folders/qv/t1l9z4p13_q1r4758z6xtlfw00008b/T/XcodeDistPipeline.PoW/libswiftCoreImage.dylib'
2018-07-10 08:44:06 +0000  /var/folders/qv/t1l9z4p13_q1r4758z6xtlfw00008b/T/XcodeDistPipeline.PoW/libswiftCoreImage.dylib [armv7, 0.001338 seconds]:
/var/folders/qv/t1l9z4p13_q1r4758z6xtlfw00008b/T/XcodeDistPipeline.PoW/libswiftCoreImage.dylib [armv7s, 0.001338 seconds]:
/var/folders/qv/t1l9z4p13_q1r4758z6xtlfw00008b/T/XcodeDistPipeline.PoW/libswiftCoreImage.dylib [arm64, 0.001338 seconds]:
2018-07-10 08:44:06 +0000  
2018-07-10 08:44:06 +0000  2018-07-10 08:44:06 +0000 [MT] /Applications/Xcode.app/Contents/Developer/usr/bin/symbols exited with 0

2018-07-10 08:44:06 +0000  2018-07-10 08:44:06 +0000  

2018-07-10 08:44:06 +0000 [MT] Processing symbols for libswiftDarwin.dylib
2018-07-10 08:44:06 +0000 [MT] Running /usr/bin/rsync '-8aPhhE' '/var/folders/qv/t1l9z4p13_q1r4758z6xtlfw00008b/T/XcodeDistPipeline.PoW/Root/Payload/sampleProject.app/Frameworks/libswiftDarwin.dylib' '--link-dest' '/var/folders/qv/t1l9z4p13_q1r4758z6xtlfw00008b/T/XcodeDistPipeline.PoW/Root/Payload/sampleProject.app/Frameworks' '/var/folders/qv/t1l9z4p13_q1r4758z6xtlfw00008b/T/XcodeDistPipeline.PoW'
2018-07-10 08:44:06 +0000  building file list ... 
2018-07-10 08:44:06 +0000   0 files...2018-07-10 08:44:06 +0000  1 file to consider
2018-07-10 08:44:06 +0000  
sent 95 bytes  received 20 bytes  230.00 bytes/sec
total size is 819.09K  speedup is 7293.50
2018-07-10 08:44:06 +0000  
2018-07-10 08:44:06 +0000  2018-07-10 08:44:06 +0000 [MT] /usr/bin/rsync exited with 0

2018-07-10 08:44:06 +0000  
2018-07-10 08:44:06 +0000  
2018-07-10 08:44:06 +0000 [MT] Running /usr/bin/rsync '-8aPhhE' '/Users/Shared/Jenkins/Desktop/sampleProject/sampleProject/build/Release-iphoneos/sampleProject.xcarchive/dSYMs/' '--link-dest' '/Users/Shared/Jenkins/Desktop/sampleProject/sampleProject/build/Release-iphoneos/sampleProject.xcarchive/dSYMs/' '/var/folders/qv/t1l9z4p13_q1r4758z6xtlfw00008b/T/XcodeDistPipeline.PoW'
2018-07-10 08:44:06 +0000  building file list ... 
2018-07-10 08:44:06 +0000   0 files...2018-07-10 08:44:06 +0000  7 files to consider
2018-07-10 08:44:06 +0000  ./
2018-07-10 08:44:06 +0000  sampleProject.app.dSYM/
sampleProject.app.dSYM/Contents/
sampleProject.app.dSYM/Contents/Resources/
sampleProject.app.dSYM/Contents/Resources/DWARF/
2018-07-10 08:44:06 +0000  
2018-07-10 08:44:06 +0000  
2018-07-10 08:44:06 +0000  sent 253 bytes  received 62 bytes  630.00 bytes/sec
total size is 160.14K  speedup is 520.59
2018-07-10 08:44:06 +0000 [MT] /usr/bin/rsync exited with 0
2018-07-10 08:44:06 +0000  2018-07-10 08:44:06 +0000  

2018-07-10 08:44:06 +0000 [MT] Running /Applications/Xcode.app/Contents/Developer/usr/bin/symbols '-noTextInSOD' '-noDaemon' '-arch' 'all' '-symbolsPackageDir' '/var/folders/qv/t1l9z4p13_q1r4758z6xtlfw00008b/T/XcodeDistPipeline.PoW/Symbols' '/var/folders/qv/t1l9z4p13_q1r4758z6xtlfw00008b/T/XcodeDistPipeline.PoW/libswiftDarwin.dylib'
2018-07-10 08:44:06 +0000  /var/folders/qv/t1l9z4p13_q1r4758z6xtlfw00008b/T/XcodeDistPipeline.PoW/libswiftDarwin.dylib [armv7, 0.005305 seconds]:
/var/folders/qv/t1l9z4p13_q1r4758z6xtlfw00008b/T/XcodeDistPipeline.PoW/libswiftDarwin.dylib [armv7s, 0.005305 seconds]:
/var/folders/qv/t1l9z4p13_q1r4758z6xtlfw00008b/T/XcodeDistPipeline.PoW/libswiftDarwin.dylib [arm64, 0.005305 seconds]:
2018-07-10 08:44:06 +0000  
2018-07-10 08:44:06 +0000  2018-07-10 08:44:06 +0000 [MT] /Applications/Xcode.app/Contents/Developer/usr/bin/symbols exited with 0

2018-07-10 08:44:06 +0000  
2018-07-10 08:44:06 +0000  
2018-07-10 08:44:06 +0000 [MT] Processing symbols for libswiftDispatch.dylib
2018-07-10 08:44:06 +0000 [MT] Running /usr/bin/rsync '-8aPhhE' '/var/folders/qv/t1l9z4p13_q1r4758z6xtlfw00008b/T/XcodeDistPipeline.PoW/Root/Payload/sampleProject.app/Frameworks/libswiftDispatch.dylib' '--link-dest' '/var/folders/qv/t1l9z4p13_q1r4758z6xtlfw00008b/T/XcodeDistPipeline.PoW/Root/Payload/sampleProject.app/Frameworks' '/var/folders/qv/t1l9z4p13_q1r4758z6xtlfw00008b/T/XcodeDistPipeline.PoW'
2018-07-10 08:44:06 +0000  building file list ... 
2018-07-10 08:44:06 +0000   0 files...2018-07-10 08:44:06 +0000  1 file to consider
2018-07-10 08:44:06 +0000  
sent 97 bytes  received 20 bytes  234.00 bytes/sec
total size is 2.60M  speedup is 23267.69
2018-07-10 08:44:06 +0000  
2018-07-10 08:44:06 +0000  2018-07-10 08:44:06 +0000 [MT] /usr/bin/rsync exited with 0

2018-07-10 08:44:06 +0000  
2018-07-10 08:44:06 +0000 [MT] Running /usr/bin/rsync '-8aPhhE' '/Users/Shared/Jenkins/Desktop/sampleProject/sampleProject/build/Release-iphoneos/sampleProject.xcarchive/dSYMs/' '--link-dest' '/Users/Shared/Jenkins/Desktop/sampleProject/sampleProject/build/Release-iphoneos/sampleProject.xcarchive/dSYMs/' '/var/folders/qv/t1l9z4p13_q1r4758z6xtlfw00008b/T/XcodeDistPipeline.PoW'
2018-07-10 08:44:06 +0000  building file list ... 
2018-07-10 08:44:06 +0000   0 files...2018-07-10 08:44:06 +0000  7 files to consider
2018-07-10 08:44:06 +0000  ./
2018-07-10 08:44:06 +0000  sampleProject.app.dSYM/
sampleProject.app.dSYM/Contents/
sampleProject.app.dSYM/Contents/Resources/
sampleProject.app.dSYM/Contents/Resources/DWARF/
2018-07-10 08:44:06 +0000  
2018-07-10 08:44:06 +0000  sent 253 bytes  received 62 bytes  630.00 bytes/sec
total size is 160.14K  speedup is 520.59
2018-07-10 08:44:06 +0000  
2018-07-10 08:44:06 +0000  2018-07-10 08:44:06 +0000 [MT] /usr/bin/rsync exited with 0

2018-07-10 08:44:06 +0000  
2018-07-10 08:44:06 +0000  
2018-07-10 08:44:06 +0000 [MT] Running /Applications/Xcode.app/Contents/Developer/usr/bin/symbols '-noTextInSOD' '-noDaemon' '-arch' 'all' '-symbolsPackageDir' '/var/folders/qv/t1l9z4p13_q1r4758z6xtlfw00008b/T/XcodeDistPipeline.PoW/Symbols' '/var/folders/qv/t1l9z4p13_q1r4758z6xtlfw00008b/T/XcodeDistPipeline.PoW/libswiftDispatch.dylib'
2018-07-10 08:44:06 +0000  /var/folders/qv/t1l9z4p13_q1r4758z6xtlfw00008b/T/XcodeDistPipeline.PoW/libswiftDispatch.dylib [armv7, 0.019151 seconds]:
/var/folders/qv/t1l9z4p13_q1r4758z6xtlfw00008b/T/XcodeDistPipeline.PoW/libswiftDispatch.dylib [armv7s, 0.019151 seconds]:
/var/folders/qv/t1l9z4p13_q1r4758z6xtlfw00008b/T/XcodeDistPipeline.PoW/libswiftDispatch.dylib [arm64, 0.019151 seconds]:
2018-07-10 08:44:06 +0000  
2018-07-10 08:44:06 +0000  2018-07-10 08:44:06 +0000 [MT] /Applications/Xcode.app/Contents/Developer/usr/bin/symbols exited with 0

2018-07-10 08:44:06 +0000  
2018-07-10 08:44:06 +0000  
2018-07-10 08:44:06 +0000 [MT] Processing symbols for libswiftFoundation.dylib
2018-07-10 08:44:06 +0000 [MT] Running /usr/bin/rsync '-8aPhhE' '/var/folders/qv/t1l9z4p13_q1r4758z6xtlfw00008b/T/XcodeDistPipeline.PoW/Root/Payload/sampleProject.app/Frameworks/libswiftFoundation.dylib' '--link-dest' '/var/folders/qv/t1l9z4p13_q1r4758z6xtlfw00008b/T/XcodeDistPipeline.PoW/Root/Payload/sampleProject.app/Frameworks' '/var/folders/qv/t1l9z4p13_q1r4758z6xtlfw00008b/T/XcodeDistPipeline.PoW'
2018-07-10 08:44:06 +0000  building file list ... 
2018-07-10 08:44:06 +0000   0 files...2018-07-10 08:44:06 +0000  1 file to consider
2018-07-10 08:44:06 +0000  
2018-07-10 08:44:06 +0000  
2018-07-10 08:44:06 +0000  sent 99 bytes  received 20 bytes  238.00 bytes/sec
total size is 28.74M  speedup is 253205.11
2018-07-10 08:44:06 +0000 [MT] /usr/bin/rsync exited with 0
2018-07-10 08:44:06 +0000  
2018-07-10 08:44:06 +0000  
2018-07-10 08:44:06 +0000 [MT] Running /usr/bin/rsync '-8aPhhE' '/Users/Shared/Jenkins/Desktop/sampleProject/sampleProject/build/Release-iphoneos/sampleProject.xcarchive/dSYMs/' '--link-dest' '/Users/Shared/Jenkins/Desktop/sampleProject/sampleProject/build/Release-iphoneos/sampleProject.xcarchive/dSYMs/' '/var/folders/qv/t1l9z4p13_q1r4758z6xtlfw00008b/T/XcodeDistPipeline.PoW'
2018-07-10 08:44:06 +0000  building file list ... 
2018-07-10 08:44:06 +0000   0 files...2018-07-10 08:44:06 +0000  7 files to consider
2018-07-10 08:44:06 +0000  ./
2018-07-10 08:44:06 +0000  sampleProject.app.dSYM/
sampleProject.app.dSYM/Contents/
sampleProject.app.dSYM/Contents/Resources/
sampleProject.app.dSYM/Contents/Resources/DWARF/
2018-07-10 08:44:06 +0000  
sent 253 bytes  received 62 bytes  630.00 bytes/sec
2018-07-10 08:44:06 +0000  
2018-07-10 08:44:06 +0000  total size is 160.14K  speedup is 520.59
2018-07-10 08:44:06 +0000 [MT] /usr/bin/rsync exited with 02018-07-10 08:44:06 +0000  

2018-07-10 08:44:06 +0000  
2018-07-10 08:44:06 +0000 [MT] Running /Applications/Xcode.app/Contents/Developer/usr/bin/symbols '-noTextInSOD' '-noDaemon' '-arch' 'all' '-symbolsPackageDir' '/var/folders/qv/t1l9z4p13_q1r4758z6xtlfw00008b/T/XcodeDistPipeline.PoW/Symbols' '/var/folders/qv/t1l9z4p13_q1r4758z6xtlfw00008b/T/XcodeDistPipeline.PoW/libswiftFoundation.dylib'
2018-07-10 08:44:06 +0000  /var/folders/qv/t1l9z4p13_q1r4758z6xtlfw00008b/T/XcodeDistPipeline.PoW/libswiftFoundation.dylib [armv7, 0.134975 seconds]:
/var/folders/qv/t1l9z4p13_q1r4758z6xtlfw00008b/T/XcodeDistPipeline.PoW/libswiftFoundation.dylib [armv7s, 0.134975 seconds]:
/var/folders/qv/t1l9z4p13_q1r4758z6xtlfw00008b/T/XcodeDistPipeline.PoW/libswiftFoundation.dylib [arm64, 0.134975 seconds]:
2018-07-10 08:44:06 +0000  
2018-07-10 08:44:06 +0000  2018-07-10 08:44:06 +0000 [MT] /Applications/Xcode.app/Contents/Developer/usr/bin/symbols exited with 0

2018-07-10 08:44:06 +0000  2018-07-10 08:44:06 +0000  

2018-07-10 08:44:06 +0000 [MT] Processing symbols for libswiftMetal.dylib
2018-07-10 08:44:06 +0000 [MT] Running /usr/bin/rsync '-8aPhhE' '/var/folders/qv/t1l9z4p13_q1r4758z6xtlfw00008b/T/XcodeDistPipeline.PoW/Root/Payload/sampleProject.app/Frameworks/libswiftMetal.dylib' '--link-dest' '/var/folders/qv/t1l9z4p13_q1r4758z6xtlfw00008b/T/XcodeDistPipeline.PoW/Root/Payload/sampleProject.app/Frameworks' '/var/folders/qv/t1l9z4p13_q1r4758z6xtlfw00008b/T/XcodeDistPipeline.PoW'
2018-07-10 08:44:06 +0000  building file list ... 
2018-07-10 08:44:06 +0000   0 files...2018-07-10 08:44:06 +0000  1 file to consider
2018-07-10 08:44:06 +0000  
sent 94 bytes  received 20 bytes  228.00 bytes/sec
2018-07-10 08:44:06 +0000  total size is 438.39K  speedup is 3937.82
2018-07-10 08:44:06 +0000  
2018-07-10 08:44:06 +0000  2018-07-10 08:44:06 +0000 [MT] /usr/bin/rsync exited with 0

2018-07-10 08:44:06 +0000  
2018-07-10 08:44:06 +0000 [MT] Running /usr/bin/rsync '-8aPhhE' '/Users/Shared/Jenkins/Desktop/sampleProject/sampleProject/build/Release-iphoneos/sampleProject.xcarchive/dSYMs/' '--link-dest' '/Users/Shared/Jenkins/Desktop/sampleProject/sampleProject/build/Release-iphoneos/sampleProject.xcarchive/dSYMs/' '/var/folders/qv/t1l9z4p13_q1r4758z6xtlfw00008b/T/XcodeDistPipeline.PoW'
2018-07-10 08:44:06 +0000  building file list ... 
2018-07-10 08:44:06 +0000   0 files...2018-07-10 08:44:06 +0000  7 files to consider
2018-07-10 08:44:06 +0000  ./
2018-07-10 08:44:06 +0000  sampleProject.app.dSYM/
sampleProject.app.dSYM/Contents/
sampleProject.app.dSYM/Contents/Resources/
sampleProject.app.dSYM/Contents/Resources/DWARF/
2018-07-10 08:44:06 +0000  
sent 253 bytes  received 62 bytes  630.00 bytes/sec
total size is 160.14K  speedup is 520.59
2018-07-10 08:44:06 +0000  
2018-07-10 08:44:06 +0000  
2018-07-10 08:44:06 +0000 [MT] /usr/bin/rsync exited with 02018-07-10 08:44:06 +0000  

2018-07-10 08:44:06 +0000  2018-07-10 08:44:06 +0000  

2018-07-10 08:44:06 +0000 [MT] Running /Applications/Xcode.app/Contents/Developer/usr/bin/symbols '-noTextInSOD' '-noDaemon' '-arch' 'all' '-symbolsPackageDir' '/var/folders/qv/t1l9z4p13_q1r4758z6xtlfw00008b/T/XcodeDistPipeline.PoW/Symbols' '/var/folders/qv/t1l9z4p13_q1r4758z6xtlfw00008b/T/XcodeDistPipeline.PoW/libswiftMetal.dylib'
2018-07-10 08:44:06 +0000  /var/folders/qv/t1l9z4p13_q1r4758z6xtlfw00008b/T/XcodeDistPipeline.PoW/libswiftMetal.dylib [armv7, 0.002237 seconds]:
/var/folders/qv/t1l9z4p13_q1r4758z6xtlfw00008b/T/XcodeDistPipeline.PoW/libswiftMetal.dylib [armv7s, 0.002237 seconds]:
/var/folders/qv/t1l9z4p13_q1r4758z6xtlfw00008b/T/XcodeDistPipeline.PoW/libswiftMetal.dylib [arm64, 0.002237 seconds]:
2018-07-10 08:44:06 +0000  
2018-07-10 08:44:06 +0000  
2018-07-10 08:44:06 +0000 [MT] /Applications/Xcode.app/Contents/Developer/usr/bin/symbols exited with 0
2018-07-10 08:44:06 +0000  2018-07-10 08:44:06 +0000  

2018-07-10 08:44:06 +0000 [MT] Processing symbols for libswiftObjectiveC.dylib
2018-07-10 08:44:06 +0000 [MT] Running /usr/bin/rsync '-8aPhhE' '/var/folders/qv/t1l9z4p13_q1r4758z6xtlfw00008b/T/XcodeDistPipeline.PoW/Root/Payload/sampleProject.app/Frameworks/libswiftObjectiveC.dylib' '--link-dest' '/var/folders/qv/t1l9z4p13_q1r4758z6xtlfw00008b/T/XcodeDistPipeline.PoW/Root/Payload/sampleProject.app/Frameworks' '/var/folders/qv/t1l9z4p13_q1r4758z6xtlfw00008b/T/XcodeDistPipeline.PoW'
2018-07-10 08:44:06 +0000  building file list ... 
2018-07-10 08:44:06 +0000   0 files...2018-07-10 08:44:06 +0000  1 file to consider
2018-07-10 08:44:06 +0000  
sent 99 bytes  received 20 bytes  238.00 bytes/sec
total size is 541.12K  speedup is 4656.40
2018-07-10 08:44:06 +0000  
2018-07-10 08:44:06 +0000  2018-07-10 08:44:06 +0000 [MT] /usr/bin/rsync exited with 0

2018-07-10 08:44:06 +0000  
2018-07-10 08:44:06 +0000  
2018-07-10 08:44:06 +0000 [MT] Running /usr/bin/rsync '-8aPhhE' '/Users/Shared/Jenkins/Desktop/sampleProject/sampleProject/build/Release-iphoneos/sampleProject.xcarchive/dSYMs/' '--link-dest' '/Users/Shared/Jenkins/Desktop/sampleProject/sampleProject/build/Release-iphoneos/sampleProject.xcarchive/dSYMs/' '/var/folders/qv/t1l9z4p13_q1r4758z6xtlfw00008b/T/XcodeDistPipeline.PoW'
2018-07-10 08:44:06 +0000  building file list ... 
2018-07-10 08:44:06 +0000   0 files...2018-07-10 08:44:06 +0000  7 files to consider
2018-07-10 08:44:06 +0000  ./
2018-07-10 08:44:06 +0000  sampleProject.app.dSYM/
sampleProject.app.dSYM/Contents/
sampleProject.app.dSYM/Contents/Resources/
sampleProject.app.dSYM/Contents/Resources/DWARF/
2018-07-10 08:44:06 +0000  
2018-07-10 08:44:06 +0000  
2018-07-10 08:44:06 +0000  sent 253 bytes  received 62 bytes  630.00 bytes/sec
total size is 160.14K  speedup is 520.59
2018-07-10 08:44:06 +0000 [MT] /usr/bin/rsync exited with 0
2018-07-10 08:44:06 +0000  
2018-07-10 08:44:06 +0000  
2018-07-10 08:44:06 +0000 [MT] Running /Applications/Xcode.app/Contents/Developer/usr/bin/symbols '-noTextInSOD' '-noDaemon' '-arch' 'all' '-symbolsPackageDir' '/var/folders/qv/t1l9z4p13_q1r4758z6xtlfw00008b/T/XcodeDistPipeline.PoW/Symbols' '/var/folders/qv/t1l9z4p13_q1r4758z6xtlfw00008b/T/XcodeDistPipeline.PoW/libswiftObjectiveC.dylib'
2018-07-10 08:44:07 +0000  /var/folders/qv/t1l9z4p13_q1r4758z6xtlfw00008b/T/XcodeDistPipeline.PoW/libswiftObjectiveC.dylib [armv7, 0.003061 seconds]:
/var/folders/qv/t1l9z4p13_q1r4758z6xtlfw00008b/T/XcodeDistPipeline.PoW/libswiftObjectiveC.dylib [armv7s, 0.003061 seconds]:
/var/folders/qv/t1l9z4p13_q1r4758z6xtlfw00008b/T/XcodeDistPipeline.PoW/libswiftObjectiveC.dylib [arm64, 0.003061 seconds]:
2018-07-10 08:44:07 +0000  
2018-07-10 08:44:07 +0000  2018-07-10 08:44:07 +0000 [MT] /Applications/Xcode.app/Contents/Developer/usr/bin/symbols exited with 0

2018-07-10 08:44:07 +0000  
2018-07-10 08:44:07 +0000  
2018-07-10 08:44:07 +0000 [MT] Processing symbols for libswiftQuartzCore.dylib
2018-07-10 08:44:07 +0000 [MT] Running /usr/bin/rsync '-8aPhhE' '/var/folders/qv/t1l9z4p13_q1r4758z6xtlfw00008b/T/XcodeDistPipeline.PoW/Root/Payload/sampleProject.app/Frameworks/libswiftQuartzCore.dylib' '--link-dest' '/var/folders/qv/t1l9z4p13_q1r4758z6xtlfw00008b/T/XcodeDistPipeline.PoW/Root/Payload/sampleProject.app/Frameworks' '/var/folders/qv/t1l9z4p13_q1r4758z6xtlfw00008b/T/XcodeDistPipeline.PoW'
2018-07-10 08:44:07 +0000  building file list ... 
2018-07-10 08:44:07 +0000   0 files...2018-07-10 08:44:07 +0000  1 file to consider
2018-07-10 08:44:07 +0000  
sent 99 bytes  received 20 bytes  238.00 bytes/sec
total size is 303.36K  speedup is 2610.42
2018-07-10 08:44:07 +0000  
2018-07-10 08:44:07 +0000  2018-07-10 08:44:07 +0000 [MT] /usr/bin/rsync exited with 0

2018-07-10 08:44:07 +0000  2018-07-10 08:44:07 +0000 [MT] Running /usr/bin/rsync '-8aPhhE' '/Users/Shared/Jenkins/Desktop/sampleProject/sampleProject/build/Release-iphoneos/sampleProject.xcarchive/dSYMs/' '--link-dest' '/Users/Shared/Jenkins/Desktop/sampleProject/sampleProject/build/Release-iphoneos/sampleProject.xcarchive/dSYMs/' '/var/folders/qv/t1l9z4p13_q1r4758z6xtlfw00008b/T/XcodeDistPipeline.PoW'

2018-07-10 08:44:07 +0000  building file list ... 
2018-07-10 08:44:07 +0000   0 files...2018-07-10 08:44:07 +0000  7 files to consider
2018-07-10 08:44:07 +0000  ./
2018-07-10 08:44:07 +0000  sampleProject.app.dSYM/
sampleProject.app.dSYM/Contents/
sampleProject.app.dSYM/Contents/Resources/
sampleProject.app.dSYM/Contents/Resources/DWARF/
2018-07-10 08:44:07 +0000  
sent 253 bytes  received 62 bytes  630.00 bytes/sec
2018-07-10 08:44:07 +0000  total size is 160.14K  speedup is 520.59
2018-07-10 08:44:07 +0000  
2018-07-10 08:44:07 +0000  
2018-07-10 08:44:07 +0000 [MT] /usr/bin/rsync exited with 02018-07-10 08:44:07 +0000  

2018-07-10 08:44:07 +0000  
2018-07-10 08:44:07 +0000 [MT] Running /Applications/Xcode.app/Contents/Developer/usr/bin/symbols '-noTextInSOD' '-noDaemon' '-arch' 'all' '-symbolsPackageDir' '/var/folders/qv/t1l9z4p13_q1r4758z6xtlfw00008b/T/XcodeDistPipeline.PoW/Symbols' '/var/folders/qv/t1l9z4p13_q1r4758z6xtlfw00008b/T/XcodeDistPipeline.PoW/libswiftQuartzCore.dylib'
2018-07-10 08:44:07 +0000  /var/folders/qv/t1l9z4p13_q1r4758z6xtlfw00008b/T/XcodeDistPipeline.PoW/libswiftQuartzCore.dylib [armv7, 0.001763 seconds]:
/var/folders/qv/t1l9z4p13_q1r4758z6xtlfw00008b/T/XcodeDistPipeline.PoW/libswiftQuartzCore.dylib [armv7s, 0.001763 seconds]:
/var/folders/qv/t1l9z4p13_q1r4758z6xtlfw00008b/T/XcodeDistPipeline.PoW/libswiftQuartzCore.dylib [arm64, 0.001763 seconds]:
2018-07-10 08:44:07 +0000  2018-07-10 08:44:07 +0000  

2018-07-10 08:44:07 +0000 [MT] /Applications/Xcode.app/Contents/Developer/usr/bin/symbols exited with 0
2018-07-10 08:44:07 +0000  2018-07-10 08:44:07 +0000  

2018-07-10 08:44:07 +0000 [MT] Processing symbols for libswiftUIKit.dylib
2018-07-10 08:44:07 +0000 [MT] Running /usr/bin/rsync '-8aPhhE' '/var/folders/qv/t1l9z4p13_q1r4758z6xtlfw00008b/T/XcodeDistPipeline.PoW/Root/Payload/sampleProject.app/Frameworks/libswiftUIKit.dylib' '--link-dest' '/var/folders/qv/t1l9z4p13_q1r4758z6xtlfw00008b/T/XcodeDistPipeline.PoW/Root/Payload/sampleProject.app/Frameworks' '/var/folders/qv/t1l9z4p13_q1r4758z6xtlfw00008b/T/XcodeDistPipeline.PoW'
2018-07-10 08:44:07 +0000  building file list ... 
2018-07-10 08:44:07 +0000   0 files...2018-07-10 08:44:07 +0000  1 file to consider
2018-07-10 08:44:07 +0000  
sent 94 bytes  received 20 bytes  228.00 bytes/sec
total size is 1018.59K  speedup is 9149.47
2018-07-10 08:44:07 +0000  
2018-07-10 08:44:07 +0000  2018-07-10 08:44:07 +0000 [MT] /usr/bin/rsync exited with 0

2018-07-10 08:44:07 +0000  
2018-07-10 08:44:07 +0000 [MT] Running /usr/bin/rsync '-8aPhhE' '/Users/Shared/Jenkins/Desktop/sampleProject/sampleProject/build/Release-iphoneos/sampleProject.xcarchive/dSYMs/' '--link-dest' '/Users/Shared/Jenkins/Desktop/sampleProject/sampleProject/build/Release-iphoneos/sampleProject.xcarchive/dSYMs/' '/var/folders/qv/t1l9z4p13_q1r4758z6xtlfw00008b/T/XcodeDistPipeline.PoW'
2018-07-10 08:44:07 +0000  building file list ... 
2018-07-10 08:44:07 +0000   0 files...2018-07-10 08:44:07 +0000  7 files to consider
2018-07-10 08:44:07 +0000  ./
2018-07-10 08:44:07 +0000  sampleProject.app.dSYM/
sampleProject.app.dSYM/Contents/
sampleProject.app.dSYM/Contents/Resources/
sampleProject.app.dSYM/Contents/Resources/DWARF/
2018-07-10 08:44:07 +0000  
2018-07-10 08:44:07 +0000  sent 253 bytes  received 62 bytes  630.00 bytes/sec
total size is 160.14K  speedup is 520.59
2018-07-10 08:44:07 +0000  2018-07-10 08:44:07 +0000 [MT] /usr/bin/rsync exited with 0

2018-07-10 08:44:07 +0000  
2018-07-10 08:44:07 +0000  
2018-07-10 08:44:07 +0000 [MT] Running /Applications/Xcode.app/Contents/Developer/usr/bin/symbols '-noTextInSOD' '-noDaemon' '-arch' 'all' '-symbolsPackageDir' '/var/folders/qv/t1l9z4p13_q1r4758z6xtlfw00008b/T/XcodeDistPipeline.PoW/Symbols' '/var/folders/qv/t1l9z4p13_q1r4758z6xtlfw00008b/T/XcodeDistPipeline.PoW/libswiftUIKit.dylib'
2018-07-10 08:44:07 +0000  /var/folders/qv/t1l9z4p13_q1r4758z6xtlfw00008b/T/XcodeDistPipeline.PoW/libswiftUIKit.dylib [armv7, 0.005920 seconds]:
/var/folders/qv/t1l9z4p13_q1r4758z6xtlfw00008b/T/XcodeDistPipeline.PoW/libswiftUIKit.dylib [armv7s, 0.005920 seconds]:
/var/folders/qv/t1l9z4p13_q1r4758z6xtlfw00008b/T/XcodeDistPipeline.PoW/libswiftUIKit.dylib [arm64, 0.005920 seconds]:
2018-07-10 08:44:07 +0000  2018-07-10 08:44:07 +0000  

2018-07-10 08:44:07 +0000 [MT] /Applications/Xcode.app/Contents/Developer/usr/bin/symbols exited with 02018-07-10 08:44:07 +0000  

2018-07-10 08:44:07 +0000  
2018-07-10 08:44:07 +0000 [MT] Processing symbols for libswiftos.dylib
2018-07-10 08:44:07 +0000 [MT] Running /usr/bin/rsync '-8aPhhE' '/var/folders/qv/t1l9z4p13_q1r4758z6xtlfw00008b/T/XcodeDistPipeline.PoW/Root/Payload/sampleProject.app/Frameworks/libswiftos.dylib' '--link-dest' '/var/folders/qv/t1l9z4p13_q1r4758z6xtlfw00008b/T/XcodeDistPipeline.PoW/Root/Payload/sampleProject.app/Frameworks' '/var/folders/qv/t1l9z4p13_q1r4758z6xtlfw00008b/T/XcodeDistPipeline.PoW'
2018-07-10 08:44:07 +0000  building file list ... 
2018-07-10 08:44:07 +0000   0 files...2018-07-10 08:44:07 +0000  1 file to consider
2018-07-10 08:44:07 +0000  
sent 91 bytes  received 20 bytes  222.00 bytes/sec
total size is 485.52K  speedup is 4478.99
2018-07-10 08:44:07 +0000  
2018-07-10 08:44:07 +0000  2018-07-10 08:44:07 +0000 [MT] /usr/bin/rsync exited with 0

2018-07-10 08:44:07 +0000  
2018-07-10 08:44:07 +0000  
2018-07-10 08:44:07 +0000 [MT] Running /usr/bin/rsync '-8aPhhE' '/Users/Shared/Jenkins/Desktop/sampleProject/sampleProject/build/Release-iphoneos/sampleProject.xcarchive/dSYMs/' '--link-dest' '/Users/Shared/Jenkins/Desktop/sampleProject/sampleProject/build/Release-iphoneos/sampleProject.xcarchive/dSYMs/' '/var/folders/qv/t1l9z4p13_q1r4758z6xtlfw00008b/T/XcodeDistPipeline.PoW'
2018-07-10 08:44:07 +0000  building file list ... 
2018-07-10 08:44:07 +0000   0 files...2018-07-10 08:44:07 +0000  7 files to consider
2018-07-10 08:44:07 +0000  ./
2018-07-10 08:44:07 +0000  sampleProject.app.dSYM/
sampleProject.app.dSYM/Contents/
sampleProject.app.dSYM/Contents/Resources/
sampleProject.app.dSYM/Contents/Resources/DWARF/
2018-07-10 08:44:07 +0000  
2018-07-10 08:44:07 +0000  sent 253 bytes  received 62 bytes  630.00 bytes/sec
total size is 160.14K  speedup is 520.59
2018-07-10 08:44:07 +0000  2018-07-10 08:44:07 +0000 [MT] /usr/bin/rsync exited with 0

2018-07-10 08:44:07 +0000  
2018-07-10 08:44:07 +0000 [MT] Running /Applications/Xcode.app/Contents/Developer/usr/bin/symbols '-noTextInSOD' '-noDaemon' '-arch' 'all' '-symbolsPackageDir' '/var/folders/qv/t1l9z4p13_q1r4758z6xtlfw00008b/T/XcodeDistPipeline.PoW/Symbols' '/var/folders/qv/t1l9z4p13_q1r4758z6xtlfw00008b/T/XcodeDistPipeline.PoW/libswiftos.dylib'
2018-07-10 08:44:07 +0000  /var/folders/qv/t1l9z4p13_q1r4758z6xtlfw00008b/T/XcodeDistPipeline.PoW/libswiftos.dylib [armv7, 0.002315 seconds]:
/var/folders/qv/t1l9z4p13_q1r4758z6xtlfw00008b/T/XcodeDistPipeline.PoW/libswiftos.dylib [armv7s, 0.002315 seconds]:
/var/folders/qv/t1l9z4p13_q1r4758z6xtlfw00008b/T/XcodeDistPipeline.PoW/libswiftos.dylib [arm64, 0.002315 seconds]:
2018-07-10 08:44:07 +0000  
2018-07-10 08:44:07 +0000  2018-07-10 08:44:07 +0000 [MT] /Applications/Xcode.app/Contents/Developer/usr/bin/symbols exited with 0

2018-07-10 08:44:07 +0000  
2018-07-10 08:44:07 +0000 [MT] Excluding symbols for sampleProject.app
2018-07-10 08:44:07 +0000 [MT] Processing step: IDEDistributionCopyAppleProvidedContentStep
2018-07-10 08:44:07 +0000 [MT] Running /usr/bin/ditto '-V' '/Users/Shared/Jenkins/Desktop/sampleProject/sampleProject/build/Release-iphoneos/sampleProject.xcarchive/SwiftSupport' '/var/folders/qv/t1l9z4p13_q1r4758z6xtlfw00008b/T/XcodeDistPipeline.PoW/Root/SwiftSupport'
2018-07-10 08:44:07 +0000  >>> Copying /Users/Shared/Jenkins/Desktop/sampleProject/sampleProject/build/Release-iphoneos/sampleProject.xcarchive/SwiftSupport 
2018-07-10 08:44:07 +0000  copying file ./iphoneos/libswiftCore.dylib ... 
2018-07-10 08:44:07 +0000  98893545 bytes for ./iphoneos/libswiftCore.dylib
copying file ./iphoneos/libswiftCoreFoundation.dylib ... 
2018-07-10 08:44:07 +0000  289737 bytes for ./iphoneos/libswiftCoreFoundation.dylib
copying file ./iphoneos/libswiftCoreGraphics.dylib ... 
2243854 bytes for ./iphoneos/libswiftCoreGraphics.dylib
copying file ./iphoneos/libswiftCoreImage.dylib ... 
353995 bytes for ./iphoneos/libswiftCoreImage.dylib
copying file ./iphoneos/libswiftDarwin.dylib ... 
1109715 bytes for ./iphoneos/libswiftDarwin.dylib
copying file ./iphoneos/libswiftDispatch.dylib ... 
3770574 bytes for ./iphoneos/libswiftDispatch.dylib
copying file ./iphoneos/libswiftFoundation.dylib ... 
2018-07-10 08:44:07 +0000  2018-07-10 08:44:07 +0000 [MT] /usr/bin/ditto exited with 0

2018-07-10 08:44:07 +0000  44011245 bytes for ./iphoneos/libswiftFoundation.dylib
copying file ./iphoneos/libswiftMetal.dylib ... 
566802 bytes for ./iphoneos/libswiftMetal.dylib
copying file ./iphoneos/libswiftObjectiveC.dylib ... 
750620 bytes for ./iphoneos/libswiftObjectiveC.dylib
copying file ./iphoneos/libswiftos.dylib ... 
663349 bytes for ./iphoneos/libswiftos.dylib
copying file ./iphoneos/libswiftQuartzCore.dylib ... 
373504 bytes for ./iphoneos/libswiftQuartzCore.dylib
copying file ./iphoneos/libswiftUIKit.dylib ... 
1436688 bytes for ./iphoneos/libswiftUIKit.dylib
2018-07-10 08:44:07 +0000 [MT] Processing step: IDEDistributionAppThinningStep
2018-07-10 08:44:07 +0000 [MT] Skipping step: IDEDistributionAppThinningStep because it said so
2018-07-10 08:44:07 +0000 [MT] Processing step: IDEDistributionODRStep
2018-07-10 08:44:07 +0000 [MT] Processing step: IDEDistributionStripXattrsStep
2018-07-10 08:44:07 +0000 [MT] Skipping stripping extended attributes of item: <IDEDistributionItem: 0x7ff3d8839fe0 'com.apple.dt.runtime.swiftCore' '<DVTFilePath:0x7ff3d87f9390:'/Users/Shared/Jenkins/Desktop/sampleProject/sampleProject/build/Release-iphoneos/sampleProject.xcarchive/Products/Applications/sampleProject.app/Frameworks/libswiftCore.dylib'>'>
2018-07-10 08:44:07 +0000 [MT] Skipping stripping extended attributes of item: <IDEDistributionItem: 0x7ff3d8673dc0 'com.apple.dt.runtime.swiftCoreFoundation' '<DVTFilePath:0x7ff3d87f6310:'/Users/Shared/Jenkins/Desktop/sampleProject/sampleProject/build/Release-iphoneos/sampleProject.xcarchive/Products/Applications/sampleProject.app/Frameworks/libswiftCoreFoundation.dylib'>'>
2018-07-10 08:44:07 +0000 [MT] Skipping stripping extended attributes of item: <IDEDistributionItem: 0x7ff3d5ea9ea0 'com.apple.dt.runtime.swiftCoreGraphics' '<DVTFilePath:0x7ff3d87f73c0:'/Users/Shared/Jenkins/Desktop/sampleProject/sampleProject/build/Release-iphoneos/sampleProject.xcarchive/Products/Applications/sampleProject.app/Frameworks/libswiftCoreGraphics.dylib'>'>
2018-07-10 08:44:07 +0000 [MT] Skipping stripping extended attributes of item: <IDEDistributionItem: 0x7ff3d8839ee0 'com.apple.dt.runtime.swiftCoreImage' '<DVTFilePath:0x7ff3d87fa6e0:'/Users/Shared/Jenkins/Desktop/sampleProject/sampleProject/build/Release-iphoneos/sampleProject.xcarchive/Products/Applications/sampleProject.app/Frameworks/libswiftCoreImage.dylib'>'>
2018-07-10 08:44:07 +0000 [MT] Skipping stripping extended attributes of item: <IDEDistributionItem: 0x7ff3d86a41e0 'com.apple.dt.runtime.swiftDarwin' '<DVTFilePath:0x7ff3d87fba20:'/Users/Shared/Jenkins/Desktop/sampleProject/sampleProject/build/Release-iphoneos/sampleProject.xcarchive/Products/Applications/sampleProject.app/Frameworks/libswiftDarwin.dylib'>'>
2018-07-10 08:44:07 +0000 [MT] Skipping stripping extended attributes of item: <IDEDistributionItem: 0x7ff3d8819630 'com.apple.dt.runtime.swiftDispatch' '<DVTFilePath:0x7ff3d87f0000:'/Users/Shared/Jenkins/Desktop/sampleProject/sampleProject/build/Release-iphoneos/sampleProject.xcarchive/Products/Applications/sampleProject.app/Frameworks/libswiftDispatch.dylib'>'>
2018-07-10 08:44:07 +0000 [MT] Skipping stripping extended attributes of item: <IDEDistributionItem: 0x7ff3d884a830 'com.apple.dt.runtime.swiftFoundation' '<DVTFilePath:0x7ff3d87f1390:'/Users/Shared/Jenkins/Desktop/sampleProject/sampleProject/build/Release-iphoneos/sampleProject.xcarchive/Products/Applications/sampleProject.app/Frameworks/libswiftFoundation.dylib'>'>
2018-07-10 08:44:07 +0000 [MT] Skipping stripping extended attributes of item: <IDEDistributionItem: 0x7ff3d87ebab0 'com.apple.dt.runtime.swiftMetal' '<DVTFilePath:0x7ff3d8800440:'/Users/Shared/Jenkins/Desktop/sampleProject/sampleProject/build/Release-iphoneos/sampleProject.xcarchive/Products/Applications/sampleProject.app/Frameworks/libswiftMetal.dylib'>'>
2018-07-10 08:44:07 +0000 [MT] Skipping stripping extended attributes of item: <IDEDistributionItem: 0x7ff3d881e480 'com.apple.dt.runtime.swiftObjectiveC' '<DVTFilePath:0x7ff3d88016f0:'/Users/Shared/Jenkins/Desktop/sampleProject/sampleProject/build/Release-iphoneos/sampleProject.xcarchive/Products/Applications/sampleProject.app/Frameworks/libswiftObjectiveC.dylib'>'>
2018-07-10 08:44:07 +0000 [MT] Skipping stripping extended attributes of item: <IDEDistributionItem: 0x7ff3d8834de0 'com.apple.dt.runtime.swiftQuartzCore' '<DVTFilePath:0x7ff3d8803db0:'/Users/Shared/Jenkins/Desktop/sampleProject/sampleProject/build/Release-iphoneos/sampleProject.xcarchive/Products/Applications/sampleProject.app/Frameworks/libswiftQuartzCore.dylib'>'>
2018-07-10 08:44:07 +0000 [MT] Skipping stripping extended attributes of item: <IDEDistributionItem: 0x7ff3d88374e0 'com.apple.dt.runtime.swiftUIKit' '<DVTFilePath:0x7ff3d8805180:'/Users/Shared/Jenkins/Desktop/sampleProject/sampleProject/build/Release-iphoneos/sampleProject.xcarchive/Products/Applications/sampleProject.app/Frameworks/libswiftUIKit.dylib'>'>
2018-07-10 08:44:07 +0000 [MT] Skipping stripping extended attributes of item: <IDEDistributionItem: 0x7ff3d8673c40 'com.apple.dt.runtime.swiftos' '<DVTFilePath:0x7ff3d8802ad0:'/Users/Shared/Jenkins/Desktop/sampleProject/sampleProject/build/Release-iphoneos/sampleProject.xcarchive/Products/Applications/sampleProject.app/Frameworks/libswiftos.dylib'>'>
2018-07-10 08:44:07 +0000 [MT] Running /usr/bin/xattr '-crs' '/var/folders/qv/t1l9z4p13_q1r4758z6xtlfw00008b/T/XcodeDistPipeline.PoW/Root/Payload/sampleProject.app'
2018-07-10 08:44:08 +0000  2018-07-10 08:44:08 +0000  

2018-07-10 08:44:08 +0000 [MT] /usr/bin/xattr exited with 0
2018-07-10 08:44:08 +0000  2018-07-10 08:44:08 +0000  

2018-07-10 08:44:08 +0000 [MT] Processing step: IDEDistributionCodesignStep
2018-07-10 08:44:08 +0000 [MT] Entitlements for <IDEDistributionItem: 0x7ff3d8839fe0 'com.apple.dt.runtime.swiftCore' '<DVTFilePath:0x7ff3d87f9390:'/Users/Shared/Jenkins/Desktop/sampleProject/sampleProject/build/Release-iphoneos/sampleProject.xcarchive/Products/Applications/sampleProject.app/Frameworks/libswiftCore.dylib'>'>: {
}
2018-07-10 08:44:08 +0000 [MT] Writing entitlements for <IDEDistributionItem: 0x7ff3d8839fe0 'com.apple.dt.runtime.swiftCore' '<DVTFilePath:0x7ff3d87f9390:'/Users/Shared/Jenkins/Desktop/sampleProject/sampleProject/build/Release-iphoneos/sampleProject.xcarchive/Products/Applications/sampleProject.app/Frameworks/libswiftCore.dylib'>'> to: /var/folders/qv/t1l9z4p13_q1r4758z6xtlfw00008b/T/XcodeDistPipeline.PoW/entitlementsGAYJrO
2018-07-10 08:44:08 +0000 [MT] Running /usr/bin/codesign '-vvv' '--force' '--sign' '7ED233B14981E6EE66431979A075515D112D7C46' '--preserve-metadata=identifier,flags' '--entitlements' '/var/folders/qv/t1l9z4p13_q1r4758z6xtlfw00008b/T/XcodeDistPipeline.PoW/entitlementsGAYJrO' '/var/folders/qv/t1l9z4p13_q1r4758z6xtlfw00008b/T/XcodeDistPipeline.PoW/Root/Payload/sampleProject.app/Frameworks/libswiftCore.dylib'
2018-07-10 08:44:08 +0000  /var/folders/qv/t1l9z4p13_q1r4758z6xtlfw00008b/T/XcodeDistPipeline.PoW/Root/Payload/sampleProject.app/Frameworks/libswiftCore.dylib: replacing existing signature
2018-07-10 08:44:10 +0000  /var/folders/qv/t1l9z4p13_q1r4758z6xtlfw00008b/T/XcodeDistPipeline.PoW/Root/Payload/sampleProject.app/Frameworks/libswiftCore.dylib: signed Mach-O universal (armv7 armv7s arm64) [com.apple.dt.runtime.swiftCore]
2018-07-10 08:44:10 +0000  
2018-07-10 08:44:10 +0000  2018-07-10 08:44:10 +0000 [MT] /usr/bin/codesign exited with 0

2018-07-10 08:44:10 +0000  
2018-07-10 08:44:10 +0000 [MT] Entitlements for <IDEDistributionItem: 0x7ff3d8673dc0 'com.apple.dt.runtime.swiftCoreFoundation' '<DVTFilePath:0x7ff3d87f6310:'/Users/Shared/Jenkins/Desktop/sampleProject/sampleProject/build/Release-iphoneos/sampleProject.xcarchive/Products/Applications/sampleProject.app/Frameworks/libswiftCoreFoundation.dylib'>'>: {
}
2018-07-10 08:44:10 +0000 [MT] Writing entitlements for <IDEDistributionItem: 0x7ff3d8673dc0 'com.apple.dt.runtime.swiftCoreFoundation' '<DVTFilePath:0x7ff3d87f6310:'/Users/Shared/Jenkins/Desktop/sampleProject/sampleProject/build/Release-iphoneos/sampleProject.xcarchive/Products/Applications/sampleProject.app/Frameworks/libswiftCoreFoundation.dylib'>'> to: /var/folders/qv/t1l9z4p13_q1r4758z6xtlfw00008b/T/XcodeDistPipeline.PoW/entitlementsQZpF0S
2018-07-10 08:44:10 +0000 [MT] Running /usr/bin/codesign '-vvv' '--force' '--sign' '7ED233B14981E6EE66431979A075515D112D7C46' '--preserve-metadata=identifier,flags' '--entitlements' '/var/folders/qv/t1l9z4p13_q1r4758z6xtlfw00008b/T/XcodeDistPipeline.PoW/entitlementsQZpF0S' '/var/folders/qv/t1l9z4p13_q1r4758z6xtlfw00008b/T/XcodeDistPipeline.PoW/Root/Payload/sampleProject.app/Frameworks/libswiftCoreFoundation.dylib'
2018-07-10 08:44:10 +0000  /var/folders/qv/t1l9z4p13_q1r4758z6xtlfw00008b/T/XcodeDistPipeline.PoW/Root/Payload/sampleProject.app/Frameworks/libswiftCoreFoundation.dylib: replacing existing signature
2018-07-10 08:44:10 +0000  /var/folders/qv/t1l9z4p13_q1r4758z6xtlfw00008b/T/XcodeDistPipeline.PoW/Root/Payload/sampleProject.app/Frameworks/libswiftCoreFoundation.dylib: signed Mach-O universal (armv7 armv7s arm64) [com.apple.dt.runtime.swiftCoreFoundation]
2018-07-10 08:44:10 +0000  
2018-07-10 08:44:10 +0000  2018-07-10 08:44:10 +0000 [MT] /usr/bin/codesign exited with 0

2018-07-10 08:44:10 +0000  
2018-07-10 08:44:10 +0000  
2018-07-10 08:44:10 +0000 [MT] Entitlements for <IDEDistributionItem: 0x7ff3d5ea9ea0 'com.apple.dt.runtime.swiftCoreGraphics' '<DVTFilePath:0x7ff3d87f73c0:'/Users/Shared/Jenkins/Desktop/sampleProject/sampleProject/build/Release-iphoneos/sampleProject.xcarchive/Products/Applications/sampleProject.app/Frameworks/libswiftCoreGraphics.dylib'>'>: {
}
2018-07-10 08:44:10 +0000 [MT] Writing entitlements for <IDEDistributionItem: 0x7ff3d5ea9ea0 'com.apple.dt.runtime.swiftCoreGraphics' '<DVTFilePath:0x7ff3d87f73c0:'/Users/Shared/Jenkins/Desktop/sampleProject/sampleProject/build/Release-iphoneos/sampleProject.xcarchive/Products/Applications/sampleProject.app/Frameworks/libswiftCoreGraphics.dylib'>'> to: /var/folders/qv/t1l9z4p13_q1r4758z6xtlfw00008b/T/XcodeDistPipeline.PoW/entitlementsPbpbaE
2018-07-10 08:44:10 +0000 [MT] Running /usr/bin/codesign '-vvv' '--force' '--sign' '7ED233B14981E6EE66431979A075515D112D7C46' '--preserve-metadata=identifier,flags' '--entitlements' '/var/folders/qv/t1l9z4p13_q1r4758z6xtlfw00008b/T/XcodeDistPipeline.PoW/entitlementsPbpbaE' '/var/folders/qv/t1l9z4p13_q1r4758z6xtlfw00008b/T/XcodeDistPipeline.PoW/Root/Payload/sampleProject.app/Frameworks/libswiftCoreGraphics.dylib'
2018-07-10 08:44:10 +0000  /var/folders/qv/t1l9z4p13_q1r4758z6xtlfw00008b/T/XcodeDistPipeline.PoW/Root/Payload/sampleProject.app/Frameworks/libswiftCoreGraphics.dylib: replacing existing signature
2018-07-10 08:44:10 +0000  /var/folders/qv/t1l9z4p13_q1r4758z6xtlfw00008b/T/XcodeDistPipeline.PoW/Root/Payload/sampleProject.app/Frameworks/libswiftCoreGraphics.dylib: signed Mach-O universal (armv7 armv7s arm64) [com.apple.dt.runtime.swiftCoreGraphics]
2018-07-10 08:44:10 +0000  2018-07-10 08:44:10 +0000  

2018-07-10 08:44:10 +0000  2018-07-10 08:44:10 +0000 [MT] /usr/bin/codesign exited with 0

2018-07-10 08:44:10 +0000  2018-07-10 08:44:10 +0000  

2018-07-10 08:44:10 +0000 [MT] Entitlements for <IDEDistributionItem: 0x7ff3d8839ee0 'com.apple.dt.runtime.swiftCoreImage' '<DVTFilePath:0x7ff3d87fa6e0:'/Users/Shared/Jenkins/Desktop/sampleProject/sampleProject/build/Release-iphoneos/sampleProject.xcarchive/Products/Applications/sampleProject.app/Frameworks/libswiftCoreImage.dylib'>'>: {
}
2018-07-10 08:44:10 +0000 [MT] Writing entitlements for <IDEDistributionItem: 0x7ff3d8839ee0 'com.apple.dt.runtime.swiftCoreImage' '<DVTFilePath:0x7ff3d87fa6e0:'/Users/Shared/Jenkins/Desktop/sampleProject/sampleProject/build/Release-iphoneos/sampleProject.xcarchive/Products/Applications/sampleProject.app/Frameworks/libswiftCoreImage.dylib'>'> to: /var/folders/qv/t1l9z4p13_q1r4758z6xtlfw00008b/T/XcodeDistPipeline.PoW/entitlementsTLBqw7
2018-07-10 08:44:10 +0000 [MT] Running /usr/bin/codesign '-vvv' '--force' '--sign' '7ED233B14981E6EE66431979A075515D112D7C46' '--preserve-metadata=identifier,flags' '--entitlements' '/var/folders/qv/t1l9z4p13_q1r4758z6xtlfw00008b/T/XcodeDistPipeline.PoW/entitlementsTLBqw7' '/var/folders/qv/t1l9z4p13_q1r4758z6xtlfw00008b/T/XcodeDistPipeline.PoW/Root/Payload/sampleProject.app/Frameworks/libswiftCoreImage.dylib'
2018-07-10 08:44:11 +0000  /var/folders/qv/t1l9z4p13_q1r4758z6xtlfw00008b/T/XcodeDistPipeline.PoW/Root/Payload/sampleProject.app/Frameworks/libswiftCoreImage.dylib: replacing existing signature
2018-07-10 08:44:11 +0000  /var/folders/qv/t1l9z4p13_q1r4758z6xtlfw00008b/T/XcodeDistPipeline.PoW/Root/Payload/sampleProject.app/Frameworks/libswiftCoreImage.dylib: signed Mach-O universal (armv7 armv7s arm64) [com.apple.dt.runtime.swiftCoreImage]
2018-07-10 08:44:11 +0000  2018-07-10 08:44:11 +0000  

2018-07-10 08:44:11 +0000  2018-07-10 08:44:11 +0000 [MT] /usr/bin/codesign exited with 0

2018-07-10 08:44:11 +0000  2018-07-10 08:44:11 +0000  

2018-07-10 08:44:11 +0000 [MT] Entitlements for <IDEDistributionItem: 0x7ff3d86a41e0 'com.apple.dt.runtime.swiftDarwin' '<DVTFilePath:0x7ff3d87fba20:'/Users/Shared/Jenkins/Desktop/sampleProject/sampleProject/build/Release-iphoneos/sampleProject.xcarchive/Products/Applications/sampleProject.app/Frameworks/libswiftDarwin.dylib'>'>: {
}
2018-07-10 08:44:11 +0000 [MT] Writing entitlements for <IDEDistributionItem: 0x7ff3d86a41e0 'com.apple.dt.runtime.swiftDarwin' '<DVTFilePath:0x7ff3d87fba20:'/Users/Shared/Jenkins/Desktop/sampleProject/sampleProject/build/Release-iphoneos/sampleProject.xcarchive/Products/Applications/sampleProject.app/Frameworks/libswiftDarwin.dylib'>'> to: /var/folders/qv/t1l9z4p13_q1r4758z6xtlfw00008b/T/XcodeDistPipeline.PoW/entitlementsRjVot0
2018-07-10 08:44:11 +0000 [MT] Running /usr/bin/codesign '-vvv' '--force' '--sign' '7ED233B14981E6EE66431979A075515D112D7C46' '--preserve-metadata=identifier,flags' '--entitlements' '/var/folders/qv/t1l9z4p13_q1r4758z6xtlfw00008b/T/XcodeDistPipeline.PoW/entitlementsRjVot0' '/var/folders/qv/t1l9z4p13_q1r4758z6xtlfw00008b/T/XcodeDistPipeline.PoW/Root/Payload/sampleProject.app/Frameworks/libswiftDarwin.dylib'
2018-07-10 08:44:11 +0000  /var/folders/qv/t1l9z4p13_q1r4758z6xtlfw00008b/T/XcodeDistPipeline.PoW/Root/Payload/sampleProject.app/Frameworks/libswiftDarwin.dylib: replacing existing signature
2018-07-10 08:44:11 +0000  /var/folders/qv/t1l9z4p13_q1r4758z6xtlfw00008b/T/XcodeDistPipeline.PoW/Root/Payload/sampleProject.app/Frameworks/libswiftDarwin.dylib: signed Mach-O universal (armv7 armv7s arm64) [com.apple.dt.runtime.swiftDarwin]
2018-07-10 08:44:11 +0000  
2018-07-10 08:44:11 +0000  2018-07-10 08:44:11 +0000 [MT] /usr/bin/codesign exited with 0

2018-07-10 08:44:11 +0000  2018-07-10 08:44:11 +0000  

2018-07-10 08:44:11 +0000 [MT] Entitlements for <IDEDistributionItem: 0x7ff3d8819630 'com.apple.dt.runtime.swiftDispatch' '<DVTFilePath:0x7ff3d87f0000:'/Users/Shared/Jenkins/Desktop/sampleProject/sampleProject/build/Release-iphoneos/sampleProject.xcarchive/Products/Applications/sampleProject.app/Frameworks/libswiftDispatch.dylib'>'>: {
}
2018-07-10 08:44:11 +0000 [MT] Writing entitlements for <IDEDistributionItem: 0x7ff3d8819630 'com.apple.dt.runtime.swiftDispatch' '<DVTFilePath:0x7ff3d87f0000:'/Users/Shared/Jenkins/Desktop/sampleProject/sampleProject/build/Release-iphoneos/sampleProject.xcarchive/Products/Applications/sampleProject.app/Frameworks/libswiftDispatch.dylib'>'> to: /var/folders/qv/t1l9z4p13_q1r4758z6xtlfw00008b/T/XcodeDistPipeline.PoW/entitlementsqsAhd4
2018-07-10 08:44:11 +0000 [MT] Running /usr/bin/codesign '-vvv' '--force' '--sign' '7ED233B14981E6EE66431979A075515D112D7C46' '--preserve-metadata=identifier,flags' '--entitlements' '/var/folders/qv/t1l9z4p13_q1r4758z6xtlfw00008b/T/XcodeDistPipeline.PoW/entitlementsqsAhd4' '/var/folders/qv/t1l9z4p13_q1r4758z6xtlfw00008b/T/XcodeDistPipeline.PoW/Root/Payload/sampleProject.app/Frameworks/libswiftDispatch.dylib'
2018-07-10 08:44:11 +0000  /var/folders/qv/t1l9z4p13_q1r4758z6xtlfw00008b/T/XcodeDistPipeline.PoW/Root/Payload/sampleProject.app/Frameworks/libswiftDispatch.dylib: replacing existing signature
2018-07-10 08:44:11 +0000  /var/folders/qv/t1l9z4p13_q1r4758z6xtlfw00008b/T/XcodeDistPipeline.PoW/Root/Payload/sampleProject.app/Frameworks/libswiftDispatch.dylib: signed Mach-O universal (armv7 armv7s arm64) [com.apple.dt.runtime.swiftDispatch]
2018-07-10 08:44:11 +0000  2018-07-10 08:44:11 +0000  

2018-07-10 08:44:11 +0000 [MT] /usr/bin/codesign exited with 02018-07-10 08:44:11 +0000  

2018-07-10 08:44:11 +0000  
2018-07-10 08:44:11 +0000 [MT] Entitlements for <IDEDistributionItem: 0x7ff3d884a830 'com.apple.dt.runtime.swiftFoundation' '<DVTFilePath:0x7ff3d87f1390:'/Users/Shared/Jenkins/Desktop/sampleProject/sampleProject/build/Release-iphoneos/sampleProject.xcarchive/Products/Applications/sampleProject.app/Frameworks/libswiftFoundation.dylib'>'>: {
}
2018-07-10 08:44:11 +0000 [MT] Writing entitlements for <IDEDistributionItem: 0x7ff3d884a830 'com.apple.dt.runtime.swiftFoundation' '<DVTFilePath:0x7ff3d87f1390:'/Users/Shared/Jenkins/Desktop/sampleProject/sampleProject/build/Release-iphoneos/sampleProject.xcarchive/Products/Applications/sampleProject.app/Frameworks/libswiftFoundation.dylib'>'> to: /var/folders/qv/t1l9z4p13_q1r4758z6xtlfw00008b/T/XcodeDistPipeline.PoW/entitlementsSJRITV
2018-07-10 08:44:11 +0000 [MT] Running /usr/bin/codesign '-vvv' '--force' '--sign' '7ED233B14981E6EE66431979A075515D112D7C46' '--preserve-metadata=identifier,flags' '--entitlements' '/var/folders/qv/t1l9z4p13_q1r4758z6xtlfw00008b/T/XcodeDistPipeline.PoW/entitlementsSJRITV' '/var/folders/qv/t1l9z4p13_q1r4758z6xtlfw00008b/T/XcodeDistPipeline.PoW/Root/Payload/sampleProject.app/Frameworks/libswiftFoundation.dylib'
2018-07-10 08:44:11 +0000  /var/folders/qv/t1l9z4p13_q1r4758z6xtlfw00008b/T/XcodeDistPipeline.PoW/Root/Payload/sampleProject.app/Frameworks/libswiftFoundation.dylib: replacing existing signature
2018-07-10 08:44:13 +0000  /var/folders/qv/t1l9z4p13_q1r4758z6xtlfw00008b/T/XcodeDistPipeline.PoW/Root/Payload/sampleProject.app/Frameworks/libswiftFoundation.dylib: signed Mach-O universal (armv7 armv7s arm64) [com.apple.dt.runtime.swiftFoundation]
2018-07-10 08:44:13 +0000  2018-07-10 08:44:13 +0000 [MT] /usr/bin/codesign exited with 0

2018-07-10 08:44:13 +0000  
2018-07-10 08:44:13 +0000 [MT] Entitlements for <IDEDistributionItem: 0x7ff3d87ebab0 'com.apple.dt.runtime.swiftMetal' '<DVTFilePath:0x7ff3d8800440:'/Users/Shared/Jenkins/Desktop/sampleProject/sampleProject/build/Release-iphoneos/sampleProject.xcarchive/Products/Applications/sampleProject.app/Frameworks/libswiftMetal.dylib'>'>: {
}
2018-07-10 08:44:13 +0000 [MT] Writing entitlements for <IDEDistributionItem: 0x7ff3d87ebab0 'com.apple.dt.runtime.swiftMetal' '<DVTFilePath:0x7ff3d8800440:'/Users/Shared/Jenkins/Desktop/sampleProject/sampleProject/build/Release-iphoneos/sampleProject.xcarchive/Products/Applications/sampleProject.app/Frameworks/libswiftMetal.dylib'>'> to: /var/folders/qv/t1l9z4p13_q1r4758z6xtlfw00008b/T/XcodeDistPipeline.PoW/entitlementsXfbZPc
2018-07-10 08:44:13 +0000 [MT] Running /usr/bin/codesign '-vvv' '--force' '--sign' '7ED233B14981E6EE66431979A075515D112D7C46' '--preserve-metadata=identifier,flags' '--entitlements' '/var/folders/qv/t1l9z4p13_q1r4758z6xtlfw00008b/T/XcodeDistPipeline.PoW/entitlementsXfbZPc' '/var/folders/qv/t1l9z4p13_q1r4758z6xtlfw00008b/T/XcodeDistPipeline.PoW/Root/Payload/sampleProject.app/Frameworks/libswiftMetal.dylib'
2018-07-10 08:44:13 +0000  /var/folders/qv/t1l9z4p13_q1r4758z6xtlfw00008b/T/XcodeDistPipeline.PoW/Root/Payload/sampleProject.app/Frameworks/libswiftMetal.dylib: replacing existing signature
2018-07-10 08:44:13 +0000  /var/folders/qv/t1l9z4p13_q1r4758z6xtlfw00008b/T/XcodeDistPipeline.PoW/Root/Payload/sampleProject.app/Frameworks/libswiftMetal.dylib: signed Mach-O universal (armv7 armv7s arm64) [com.apple.dt.runtime.swiftMetal]
2018-07-10 08:44:13 +0000  
2018-07-10 08:44:13 +0000  2018-07-10 08:44:13 +0000 [MT] /usr/bin/codesign exited with 0

2018-07-10 08:44:13 +0000  
2018-07-10 08:44:13 +0000  
2018-07-10 08:44:13 +0000 [MT] Entitlements for <IDEDistributionItem: 0x7ff3d881e480 'com.apple.dt.runtime.swiftObjectiveC' '<DVTFilePath:0x7ff3d88016f0:'/Users/Shared/Jenkins/Desktop/sampleProject/sampleProject/build/Release-iphoneos/sampleProject.xcarchive/Products/Applications/sampleProject.app/Frameworks/libswiftObjectiveC.dylib'>'>: {
}
2018-07-10 08:44:13 +0000 [MT] Writing entitlements for <IDEDistributionItem: 0x7ff3d881e480 'com.apple.dt.runtime.swiftObjectiveC' '<DVTFilePath:0x7ff3d88016f0:'/Users/Shared/Jenkins/Desktop/sampleProject/sampleProject/build/Release-iphoneos/sampleProject.xcarchive/Products/Applications/sampleProject.app/Frameworks/libswiftObjectiveC.dylib'>'> to: /var/folders/qv/t1l9z4p13_q1r4758z6xtlfw00008b/T/XcodeDistPipeline.PoW/entitlementsGKxfMX
2018-07-10 08:44:13 +0000 [MT] Running /usr/bin/codesign '-vvv' '--force' '--sign' '7ED233B14981E6EE66431979A075515D112D7C46' '--preserve-metadata=identifier,flags' '--entitlements' '/var/folders/qv/t1l9z4p13_q1r4758z6xtlfw00008b/T/XcodeDistPipeline.PoW/entitlementsGKxfMX' '/var/folders/qv/t1l9z4p13_q1r4758z6xtlfw00008b/T/XcodeDistPipeline.PoW/Root/Payload/sampleProject.app/Frameworks/libswiftObjectiveC.dylib'
2018-07-10 08:44:13 +0000  /var/folders/qv/t1l9z4p13_q1r4758z6xtlfw00008b/T/XcodeDistPipeline.PoW/Root/Payload/sampleProject.app/Frameworks/libswiftObjectiveC.dylib: replacing existing signature
2018-07-10 08:44:13 +0000  /var/folders/qv/t1l9z4p13_q1r4758z6xtlfw00008b/T/XcodeDistPipeline.PoW/Root/Payload/sampleProject.app/Frameworks/libswiftObjectiveC.dylib: signed Mach-O universal (armv7 armv7s arm64) [com.apple.dt.runtime.swiftObjectiveC]
2018-07-10 08:44:13 +0000  
2018-07-10 08:44:13 +0000  2018-07-10 08:44:13 +0000 [MT] /usr/bin/codesign exited with 0

2018-07-10 08:44:13 +0000  
2018-07-10 08:44:13 +0000  
2018-07-10 08:44:13 +0000 [MT] Entitlements for <IDEDistributionItem: 0x7ff3d8834de0 'com.apple.dt.runtime.swiftQuartzCore' '<DVTFilePath:0x7ff3d8803db0:'/Users/Shared/Jenkins/Desktop/sampleProject/sampleProject/build/Release-iphoneos/sampleProject.xcarchive/Products/Applications/sampleProject.app/Frameworks/libswiftQuartzCore.dylib'>'>: {
}
2018-07-10 08:44:13 +0000 [MT] Writing entitlements for <IDEDistributionItem: 0x7ff3d8834de0 'com.apple.dt.runtime.swiftQuartzCore' '<DVTFilePath:0x7ff3d8803db0:'/Users/Shared/Jenkins/Desktop/sampleProject/sampleProject/build/Release-iphoneos/sampleProject.xcarchive/Products/Applications/sampleProject.app/Frameworks/libswiftQuartzCore.dylib'>'> to: /var/folders/qv/t1l9z4p13_q1r4758z6xtlfw00008b/T/XcodeDistPipeline.PoW/entitlementsWuzphp
2018-07-10 08:44:13 +0000 [MT] Running /usr/bin/codesign '-vvv' '--force' '--sign' '7ED233B14981E6EE66431979A075515D112D7C46' '--preserve-metadata=identifier,flags' '--entitlements' '/var/folders/qv/t1l9z4p13_q1r4758z6xtlfw00008b/T/XcodeDistPipeline.PoW/entitlementsWuzphp' '/var/folders/qv/t1l9z4p13_q1r4758z6xtlfw00008b/T/XcodeDistPipeline.PoW/Root/Payload/sampleProject.app/Frameworks/libswiftQuartzCore.dylib'
2018-07-10 08:44:14 +0000  /var/folders/qv/t1l9z4p13_q1r4758z6xtlfw00008b/T/XcodeDistPipeline.PoW/Root/Payload/sampleProject.app/Frameworks/libswiftQuartzCore.dylib: replacing existing signature
2018-07-10 08:44:14 +0000  /var/folders/qv/t1l9z4p13_q1r4758z6xtlfw00008b/T/XcodeDistPipeline.PoW/Root/Payload/sampleProject.app/Frameworks/libswiftQuartzCore.dylib: signed Mach-O universal (armv7 armv7s arm64) [com.apple.dt.runtime.swiftQuartzCore]
2018-07-10 08:44:14 +0000  2018-07-10 08:44:14 +0000  

2018-07-10 08:44:14 +0000 [MT] /usr/bin/codesign exited with 0
2018-07-10 08:44:14 +0000  
2018-07-10 08:44:14 +0000  
2018-07-10 08:44:14 +0000 [MT] Entitlements for <IDEDistributionItem: 0x7ff3d88374e0 'com.apple.dt.runtime.swiftUIKit' '<DVTFilePath:0x7ff3d8805180:'/Users/Shared/Jenkins/Desktop/sampleProject/sampleProject/build/Release-iphoneos/sampleProject.xcarchive/Products/Applications/sampleProject.app/Frameworks/libswiftUIKit.dylib'>'>: {
}
2018-07-10 08:44:14 +0000 [MT] Writing entitlements for <IDEDistributionItem: 0x7ff3d88374e0 'com.apple.dt.runtime.swiftUIKit' '<DVTFilePath:0x7ff3d8805180:'/Users/Shared/Jenkins/Desktop/sampleProject/sampleProject/build/Release-iphoneos/sampleProject.xcarchive/Products/Applications/sampleProject.app/Frameworks/libswiftUIKit.dylib'>'> to: /var/folders/qv/t1l9z4p13_q1r4758z6xtlfw00008b/T/XcodeDistPipeline.PoW/entitlementsu7sLqb
2018-07-10 08:44:14 +0000 [MT] Running /usr/bin/codesign '-vvv' '--force' '--sign' '7ED233B14981E6EE66431979A075515D112D7C46' '--preserve-metadata=identifier,flags' '--entitlements' '/var/folders/qv/t1l9z4p13_q1r4758z6xtlfw00008b/T/XcodeDistPipeline.PoW/entitlementsu7sLqb' '/var/folders/qv/t1l9z4p13_q1r4758z6xtlfw00008b/T/XcodeDistPipeline.PoW/Root/Payload/sampleProject.app/Frameworks/libswiftUIKit.dylib'
2018-07-10 08:44:14 +0000  /var/folders/qv/t1l9z4p13_q1r4758z6xtlfw00008b/T/XcodeDistPipeline.PoW/Root/Payload/sampleProject.app/Frameworks/libswiftUIKit.dylib: replacing existing signature
2018-07-10 08:44:14 +0000  /var/folders/qv/t1l9z4p13_q1r4758z6xtlfw00008b/T/XcodeDistPipeline.PoW/Root/Payload/sampleProject.app/Frameworks/libswiftUIKit.dylib: signed Mach-O universal (armv7 armv7s arm64) [com.apple.dt.runtime.swiftUIKit]
2018-07-10 08:44:14 +0000  2018-07-10 08:44:14 +0000  

2018-07-10 08:44:14 +0000 [MT] /usr/bin/codesign exited with 0
2018-07-10 08:44:14 +0000  2018-07-10 08:44:14 +0000  

2018-07-10 08:44:14 +0000 [MT] Entitlements for <IDEDistributionItem: 0x7ff3d8673c40 'com.apple.dt.runtime.swiftos' '<DVTFilePath:0x7ff3d8802ad0:'/Users/Shared/Jenkins/Desktop/sampleProject/sampleProject/build/Release-iphoneos/sampleProject.xcarchive/Products/Applications/sampleProject.app/Frameworks/libswiftos.dylib'>'>: {
}
2018-07-10 08:44:14 +0000 [MT] Writing entitlements for <IDEDistributionItem: 0x7ff3d8673c40 'com.apple.dt.runtime.swiftos' '<DVTFilePath:0x7ff3d8802ad0:'/Users/Shared/Jenkins/Desktop/sampleProject/sampleProject/build/Release-iphoneos/sampleProject.xcarchive/Products/Applications/sampleProject.app/Frameworks/libswiftos.dylib'>'> to: /var/folders/qv/t1l9z4p13_q1r4758z6xtlfw00008b/T/XcodeDistPipeline.PoW/entitlementsWnxkrj
2018-07-10 08:44:14 +0000 [MT] Running /usr/bin/codesign '-vvv' '--force' '--sign' '7ED233B14981E6EE66431979A075515D112D7C46' '--preserve-metadata=identifier,flags' '--entitlements' '/var/folders/qv/t1l9z4p13_q1r4758z6xtlfw00008b/T/XcodeDistPipeline.PoW/entitlementsWnxkrj' '/var/folders/qv/t1l9z4p13_q1r4758z6xtlfw00008b/T/XcodeDistPipeline.PoW/Root/Payload/sampleProject.app/Frameworks/libswiftos.dylib'
2018-07-10 08:44:14 +0000  /var/folders/qv/t1l9z4p13_q1r4758z6xtlfw00008b/T/XcodeDistPipeline.PoW/Root/Payload/sampleProject.app/Frameworks/libswiftos.dylib: replacing existing signature
2018-07-10 08:44:14 +0000  /var/folders/qv/t1l9z4p13_q1r4758z6xtlfw00008b/T/XcodeDistPipeline.PoW/Root/Payload/sampleProject.app/Frameworks/libswiftos.dylib: signed Mach-O universal (armv7 armv7s arm64) [com.apple.dt.runtime.swiftos]
2018-07-10 08:44:14 +0000  
2018-07-10 08:44:14 +0000  2018-07-10 08:44:14 +0000 [MT] /usr/bin/codesign exited with 0

2018-07-10 08:44:14 +0000  
2018-07-10 08:44:14 +0000  
2018-07-10 08:44:14 +0000 [MT] Entitlements for <IDEDistributionItem: 0x7ff3d8859860 'com.softprodigy.jenkinsapp' '<DVTFilePath:0x7ff3d8640b50:'/Users/Shared/Jenkins/Desktop/sampleProject/sampleProject/build/Release-iphoneos/sampleProject.xcarchive/Products/Applications/sampleProject.app'>'>: {
    "application-identifier" = "4Q92Z86L4P.com.softprodigy.jenkinsapp";
    "beta-reports-active" = 1;
    "com.apple.developer.team-identifier" = 4Q92Z86L4P;
    "get-task-allow" = 0;
    "keychain-access-groups" =     (
        "4Q92Z86L4P.com.softprodigy.jenkinsapp"
    );
}
2018-07-10 08:44:14 +0000 [MT] Writing entitlements for <IDEDistributionItem: 0x7ff3d8859860 'com.softprodigy.jenkinsapp' '<DVTFilePath:0x7ff3d8640b50:'/Users/Shared/Jenkins/Desktop/sampleProject/sampleProject/build/Release-iphoneos/sampleProject.xcarchive/Products/Applications/sampleProject.app'>'> to: /var/folders/qv/t1l9z4p13_q1r4758z6xtlfw00008b/T/XcodeDistPipeline.PoW/entitlementsI6EH7I
2018-07-10 08:44:14 +0000 [MT] Running /usr/bin/codesign '-vvv' '--force' '--sign' '7ED233B14981E6EE66431979A075515D112D7C46' '--preserve-metadata=identifier,flags' '--entitlements' '/var/folders/qv/t1l9z4p13_q1r4758z6xtlfw00008b/T/XcodeDistPipeline.PoW/entitlementsI6EH7I' '/var/folders/qv/t1l9z4p13_q1r4758z6xtlfw00008b/T/XcodeDistPipeline.PoW/Root/Payload/sampleProject.app'
2018-07-10 08:44:14 +0000  /var/folders/qv/t1l9z4p13_q1r4758z6xtlfw00008b/T/XcodeDistPipeline.PoW/Root/Payload/sampleProject.app: signed app bundle with Mach-O universal (armv7 arm64) [com.softprodigy.jenkinsapp]
2018-07-10 08:44:14 +0000  
2018-07-10 08:44:14 +0000  2018-07-10 08:44:14 +0000 [MT] /usr/bin/codesign exited with 0

2018-07-10 08:44:14 +0000  
2018-07-10 08:44:14 +0000  
2018-07-10 08:44:14 +0000 [MT] Processing step: IDEDistributionStreamingZipItemStep
2018-07-10 08:44:14 +0000 [MT] Skipping step: IDEDistributionStreamingZipItemStep because it said so
2018-07-10 08:44:14 +0000 [MT] Skipping step: IDEDistributionStreamingZipItemStep because it said so
2018-07-10 08:44:14 +0000 [MT] Skipping step: IDEDistributionStreamingZipItemStep because it said so
2018-07-10 08:44:14 +0000 [MT] Skipping step: IDEDistributionStreamingZipItemStep because it said so
2018-07-10 08:44:14 +0000 [MT] Skipping step: IDEDistributionStreamingZipItemStep because it said so
2018-07-10 08:44:14 +0000 [MT] Skipping step: IDEDistributionStreamingZipItemStep because it said so
2018-07-10 08:44:14 +0000 [MT] Skipping step: IDEDistributionStreamingZipItemStep because it said so
2018-07-10 08:44:14 +0000 [MT] Skipping step: IDEDistributionStreamingZipItemStep because it said so
2018-07-10 08:44:14 +0000 [MT] Skipping step: IDEDistributionStreamingZipItemStep because it said so
2018-07-10 08:44:14 +0000 [MT] Skipping step: IDEDistributionStreamingZipItemStep because it said so
2018-07-10 08:44:14 +0000 [MT] Skipping step: IDEDistributionStreamingZipItemStep because it said so
2018-07-10 08:44:14 +0000 [MT] Skipping step: IDEDistributionStreamingZipItemStep because it said so
2018-07-10 08:44:14 +0000 [MT] Skipping step: IDEDistributionStreamingZipItemStep because it said so
2018-07-10 08:44:14 +0000 [MT] Processing step: IDEDistributionCreateIPAStep
2018-07-10 08:44:14 +0000 [MT] Running /usr/bin/rsync '-8aPhhE' '/var/folders/qv/t1l9z4p13_q1r4758z6xtlfw00008b/T/XcodeDistPipeline.PoW/Symbols' '--link-dest' '/var/folders/qv/t1l9z4p13_q1r4758z6xtlfw00008b/T/XcodeDistPipeline.PoW' '/var/folders/qv/t1l9z4p13_q1r4758z6xtlfw00008b/T/XcodeDistPipeline.PoW/Root'
2018-07-10 08:44:14 +0000  building file list ... 
2018-07-10 08:44:14 +0000   0 files...2018-07-10 08:44:14 +0000  37 files to consider
2018-07-10 08:44:14 +0000  Symbols/
2018-07-10 08:44:15 +0000  
sent 1.96K bytes  received 26 bytes  1.32K bytes/sec
total size is 15.28M  speedup is 7892.60
2018-07-10 08:44:15 +0000  
2018-07-10 08:44:15 +0000  
2018-07-10 08:44:15 +0000  2018-07-10 08:44:15 +0000 [MT] /usr/bin/rsync exited with 0

2018-07-10 08:44:15 +0000  
2018-07-10 08:44:15 +0000 [MT] Running /usr/bin/ditto '-V' '-c' '-k' '--norsrc' '/var/folders/qv/t1l9z4p13_q1r4758z6xtlfw00008b/T/XcodeDistPipeline.PoW/Root' '/var/folders/qv/t1l9z4p13_q1r4758z6xtlfw00008b/T/XcodeDistPipeline.PoW/Packages/sampleProject.ipa'
2018-07-10 08:44:15 +0000  >>> Copying /var/folders/qv/t1l9z4p13_q1r4758z6xtlfw00008b/T/XcodeDistPipeline.PoW/Root 
2018-07-10 08:44:15 +0000  copying file ./BCSymbolMaps/1163B5DD-1520-3AF9-B635-77F4EFB0D3A2.bcsymbolmap ... 
2018-07-10 08:44:15 +0000  12911 bytes for ./BCSymbolMaps/1163B5DD-1520-3AF9-B635-77F4EFB0D3A2.bcsymbolmap
2018-07-10 08:44:15 +0000  copying file ./BCSymbolMaps/2651368E-FCBE-3B70-AC92-9C1620DDD721.bcsymbolmap ... 
2018-07-10 08:44:15 +0000  12935 bytes for ./BCSymbolMaps/2651368E-FCBE-3B70-AC92-9C1620DDD721.bcsymbolmap
2018-07-10 08:44:15 +0000  copying file ./Payload/sampleProject.app/_CodeSignature/CodeResources ... 
2018-07-10 08:44:15 +0000  8689 bytes for ./Payload/sampleProject.app/_CodeSignature/CodeResources
2018-07-10 08:44:15 +0000  copying file ./Payload/sampleProject.app/Base.lproj/LaunchScreen.storyboardc/01J-lp-oVM-view-Ze5-6b-2t3.nib ... 
2018-07-10 08:44:15 +0000  1984 bytes for ./Payload/sampleProject.app/Base.lproj/LaunchScreen.storyboardc/01J-lp-oVM-view-Ze5-6b-2t3.nib
copying file ./Payload/sampleProject.app/Base.lproj/LaunchScreen.storyboardc/Info.plist ... 
2018-07-10 08:44:15 +0000  258 bytes for ./Payload/sampleProject.app/Base.lproj/LaunchScreen.storyboardc/Info.plist
copying file ./Payload/sampleProject.app/Base.lproj/LaunchScreen.storyboardc/UIViewController-01J-lp-oVM.nib ... 
2018-07-10 08:44:15 +0000  832 bytes for ./Payload/sampleProject.app/Base.lproj/LaunchScreen.storyboardc/UIViewController-01J-lp-oVM.nib
copying file ./Payload/sampleProject.app/Base.lproj/Main.storyboardc/BYZ-38-t0r-view-8bC-Xf-vdC.nib ... 
2018-07-10 08:44:15 +0000  1986 bytes for ./Payload/sampleProject.app/Base.lproj/Main.storyboardc/BYZ-38-t0r-view-8bC-Xf-vdC.nib
copying file ./Payload/sampleProject.app/Base.lproj/Main.storyboardc/Info.plist ... 
2018-07-10 08:44:15 +0000  258 bytes for ./Payload/sampleProject.app/Base.lproj/Main.storyboardc/Info.plist
copying file ./Payload/sampleProject.app/Base.lproj/Main.storyboardc/UIViewController-BYZ-38-t0r.nib ... 
937 bytes for ./Payload/sampleProject.app/Base.lproj/Main.storyboardc/UIViewController-BYZ-38-t0r.nib
2018-07-10 08:44:15 +0000  copying file ./Payload/sampleProject.app/embedded.mobileprovision ... 
2018-07-10 08:44:15 +0000  7615 bytes for ./Payload/sampleProject.app/embedded.mobileprovision
copying file ./Payload/sampleProject.app/Frameworks/libswiftCore.dylib ... 
2018-07-10 08:44:17 +0000  66629952 bytes for ./Payload/sampleProject.app/Frameworks/libswiftCore.dylib
copying file ./Payload/sampleProject.app/Frameworks/libswiftCoreFoundation.dylib ... 
2018-07-10 08:44:17 +0000  258112 bytes for ./Payload/sampleProject.app/Frameworks/libswiftCoreFoundation.dylib
copying file ./Payload/sampleProject.app/Frameworks/libswiftCoreGraphics.dylib ... 
2018-07-10 08:44:17 +0000  1628928 bytes for ./Payload/sampleProject.app/Frameworks/libswiftCoreGraphics.dylib
copying file ./Payload/sampleProject.app/Frameworks/libswiftCoreImage.dylib ... 
2018-07-10 08:44:17 +0000  308000 bytes for ./Payload/sampleProject.app/Frameworks/libswiftCoreImage.dylib
copying file ./Payload/sampleProject.app/Frameworks/libswiftDarwin.dylib ... 
2018-07-10 08:44:17 +0000  839104 bytes for ./Payload/sampleProject.app/Frameworks/libswiftDarwin.dylib
copying file ./Payload/sampleProject.app/Frameworks/libswiftDispatch.dylib ... 
2018-07-10 08:44:17 +0000  2722672 bytes for ./Payload/sampleProject.app/Frameworks/libswiftDispatch.dylib
copying file ./Payload/sampleProject.app/Frameworks/libswiftFoundation.dylib ... 
2018-07-10 08:44:19 +0000  30131760 bytes for ./Payload/sampleProject.app/Frameworks/libswiftFoundation.dylib
copying file ./Payload/sampleProject.app/Frameworks/libswiftMetal.dylib ... 
2018-07-10 08:44:19 +0000  449264 bytes for ./Payload/sampleProject.app/Frameworks/libswiftMetal.dylib
copying file ./Payload/sampleProject.app/Frameworks/libswiftObjectiveC.dylib ... 
2018-07-10 08:44:19 +0000  554480 bytes for ./Payload/sampleProject.app/Frameworks/libswiftObjectiveC.dylib
copying file ./Payload/sampleProject.app/Frameworks/libswiftos.dylib ... 
2018-07-10 08:44:19 +0000  497536 bytes for ./Payload/sampleProject.app/Frameworks/libswiftos.dylib
copying file ./Payload/sampleProject.app/Frameworks/libswiftQuartzCore.dylib ... 
2018-07-10 08:44:19 +0000  310992 bytes for ./Payload/sampleProject.app/Frameworks/libswiftQuartzCore.dylib
copying file ./Payload/sampleProject.app/Frameworks/libswiftUIKit.dylib ... 
2018-07-10 08:44:19 +0000  1043392 bytes for ./Payload/sampleProject.app/Frameworks/libswiftUIKit.dylib
2018-07-10 08:44:19 +0000  copying file ./Payload/sampleProject.app/Info.plist ... 
1127 bytes for ./Payload/sampleProject.app/Info.plist
copying file ./Payload/sampleProject.app/PkgInfo ... 
8 bytes for ./Payload/sampleProject.app/PkgInfo
copying file ./Payload/sampleProject.app/sampleProject ... 
2018-07-10 08:44:19 +0000  262560 bytes for ./Payload/sampleProject.app/sampleProject
2018-07-10 08:44:19 +0000  copying file ./SwiftSupport/iphoneos/libswiftCore.dylib ... 
2018-07-10 08:44:22 +0000  66629456 bytes for ./SwiftSupport/iphoneos/libswiftCore.dylib
copying file ./SwiftSupport/iphoneos/libswiftCoreFoundation.dylib ... 
2018-07-10 08:44:22 +0000  257616 bytes for ./SwiftSupport/iphoneos/libswiftCoreFoundation.dylib
2018-07-10 08:44:22 +0000  copying file ./SwiftSupport/iphoneos/libswiftCoreGraphics.dylib ... 
2018-07-10 08:44:22 +0000  1628432 bytes for ./SwiftSupport/iphoneos/libswiftCoreGraphics.dylib
copying file ./SwiftSupport/iphoneos/libswiftCoreImage.dylib ... 
2018-07-10 08:44:22 +0000  307520 bytes for ./SwiftSupport/iphoneos/libswiftCoreImage.dylib
copying file ./SwiftSupport/iphoneos/libswiftDarwin.dylib ... 
2018-07-10 08:44:22 +0000  838608 bytes for ./SwiftSupport/iphoneos/libswiftDarwin.dylib
copying file ./SwiftSupport/iphoneos/libswiftDispatch.dylib ... 
2018-07-10 08:44:22 +0000  2722176 bytes for ./SwiftSupport/iphoneos/libswiftDispatch.dylib
copying file ./SwiftSupport/iphoneos/libswiftFoundation.dylib ... 
2018-07-10 08:44:23 +0000  30131264 bytes for ./SwiftSupport/iphoneos/libswiftFoundation.dylib
copying file ./SwiftSupport/iphoneos/libswiftMetal.dylib ... 
2018-07-10 08:44:23 +0000  448768 bytes for ./SwiftSupport/iphoneos/libswiftMetal.dylib
copying file ./SwiftSupport/iphoneos/libswiftObjectiveC.dylib ... 
2018-07-10 08:44:23 +0000  553984 bytes for ./SwiftSupport/iphoneos/libswiftObjectiveC.dylib
copying file ./SwiftSupport/iphoneos/libswiftos.dylib ... 
2018-07-10 08:44:23 +0000  497040 bytes for ./SwiftSupport/iphoneos/libswiftos.dylib
copying file ./SwiftSupport/iphoneos/libswiftQuartzCore.dylib ... 
2018-07-10 08:44:23 +0000  310496 bytes for ./SwiftSupport/iphoneos/libswiftQuartzCore.dylib
copying file ./SwiftSupport/iphoneos/libswiftUIKit.dylib ... 
2018-07-10 08:44:23 +0000  1042912 bytes for ./SwiftSupport/iphoneos/libswiftUIKit.dylib
2018-07-10 08:44:23 +0000  copying file ./Symbols/1194F495-00EA-38CB-BCBA-E0EF1A3B0D14.symbols ... 
2018-07-10 08:44:23 +0000  60000 bytes for ./Symbols/1194F495-00EA-38CB-BCBA-E0EF1A3B0D14.symbols
copying file ./Symbols/31302350-F2A9-398B-9DB7-89AF41C9F6C8.symbols ... 
2018-07-10 08:44:23 +0000  12760 bytes for ./Symbols/31302350-F2A9-398B-9DB7-89AF41C9F6C8.symbols
copying file ./Symbols/39002AAF-2C42-3487-80AB-6EBA82C171E1.symbols ... 
2018-07-10 08:44:23 +0000  1504856 bytes for ./Symbols/39002AAF-2C42-3487-80AB-6EBA82C171E1.symbols
2018-07-10 08:44:23 +0000  copying file ./Symbols/39B93A13-DBC8-3E0C-A1B3-35FABA5480B1.symbols ... 
2728 bytes for ./Symbols/39B93A13-DBC8-3E0C-A1B3-35FABA5480B1.symbols
2018-07-10 08:44:23 +0000  copying file ./Symbols/3A18E7ED-93D3-385A-968F-4EB382A46370.symbols ... 
2018-07-10 08:44:23 +0000  103176 bytes for ./Symbols/3A18E7ED-93D3-385A-968F-4EB382A46370.symbols
copying file ./Symbols/3DB343D4-7102-3B33-8565-DF200CC0197E.symbols ... 
2018-07-10 08:44:24 +0000  3329432 bytes for ./Symbols/3DB343D4-7102-3B33-8565-DF200CC0197E.symbols
copying file ./Symbols/402FD36F-3025-37FF-93CD-C58DCA7ED35D.symbols ... 
2018-07-10 08:44:24 +0000  13120 bytes for ./Symbols/402FD36F-3025-37FF-93CD-C58DCA7ED35D.symbols
copying file ./Symbols/51BCAE24-E868-3046-B714-A4DC8AD58AE4.symbols ... 
2018-07-10 08:44:24 +0000  103104 bytes for ./Symbols/51BCAE24-E868-3046-B714-A4DC8AD58AE4.symbols
copying file ./Symbols/52EBEF45-5DF1-317D-8310-F05CEE9ED74D.symbols ... 
2018-07-10 08:44:24 +0000  13208 bytes for ./Symbols/52EBEF45-5DF1-317D-8310-F05CEE9ED74D.symbols
copying file ./Symbols/5C914A0C-CE08-38DE-8250-E6896D037E6A.symbols ... 
2018-07-10 08:44:24 +0000  12952 bytes for ./Symbols/5C914A0C-CE08-38DE-8250-E6896D037E6A.symbols
copying file ./Symbols/6E35C3D1-15C2-316C-87B3-DDA8AF5F1D72.symbols ... 
2018-07-10 08:44:24 +0000  43960 bytes for ./Symbols/6E35C3D1-15C2-316C-87B3-DDA8AF5F1D72.symbols
copying file ./Symbols/81F66E04-BAB1-33FE-B336-9B4162A68AFC.symbols ... 
2018-07-10 08:44:24 +0000  2472 bytes for ./Symbols/81F66E04-BAB1-33FE-B336-9B4162A68AFC.symbols
2018-07-10 08:44:24 +0000  copying file ./Symbols/823D89E9-5018-3004-B07A-8385380D65C7.symbols ... 
2018-07-10 08:44:24 +0000  6592 bytes for ./Symbols/823D89E9-5018-3004-B07A-8385380D65C7.symbols
copying file ./Symbols/83D74E0A-99F2-3658-A591-F4ABBD60C578.symbols ... 
2018-07-10 08:44:24 +0000  44536 bytes for ./Symbols/83D74E0A-99F2-3658-A591-F4ABBD60C578.symbols
copying file ./Symbols/844914D5-7322-3A0B-95E1-1B380BE9D18B.symbols ... 
2018-07-10 08:44:24 +0000  1510736 bytes for ./Symbols/844914D5-7322-3A0B-95E1-1B380BE9D18B.symbols
copying file ./Symbols/84C6189D-14AC-327A-AD00-F813181D2BD1.symbols ... 
2018-07-10 08:44:24 +0000  3347936 bytes for ./Symbols/84C6189D-14AC-327A-AD00-F813181D2BD1.symbols
copying file ./Symbols/8AEF7D3A-C8E4-3618-A204-14353E0A88FB.symbols ... 
2018-07-10 08:44:24 +0000  2728 bytes for ./Symbols/8AEF7D3A-C8E4-3618-A204-14353E0A88FB.symbols
copying file ./Symbols/8ED77568-C9ED-3229-BA7A-6B0D92719402.symbols ... 
2018-07-10 08:44:24 +0000  21592 bytes for ./Symbols/8ED77568-C9ED-3229-BA7A-6B0D92719402.symbols
2018-07-10 08:44:24 +0000  copying file ./Symbols/901FAE5E-9E96-37BC-B743-01B3B63E235D.symbols ... 
2018-07-10 08:44:24 +0000  21552 bytes for ./Symbols/901FAE5E-9E96-37BC-B743-01B3B63E235D.symbols
copying file ./Symbols/93D62379-9897-3127-BFD3-526BB4013E5F.symbols ... 
2018-07-10 08:44:24 +0000  12952 bytes for ./Symbols/93D62379-9897-3127-BFD3-526BB4013E5F.symbols
copying file ./Symbols/9433FC53-F726-30DC-8C53-851703DD440B.symbols ... 
2018-07-10 08:44:24 +0000  2816 bytes for ./Symbols/9433FC53-F726-30DC-8C53-851703DD440B.symbols
2018-07-10 08:44:24 +0000  copying file ./Symbols/966DDD4D-8A03-3041-9D42-A37268354104.symbols ... 
2018-07-10 08:44:24 +0000  6928 bytes for ./Symbols/966DDD4D-8A03-3041-9D42-A37268354104.symbols
copying file ./Symbols/99FE325C-BA6F-32B8-80AF-4F65D3411517.symbols ... 
2018-07-10 08:44:24 +0000  3348520 bytes for ./Symbols/99FE325C-BA6F-32B8-80AF-4F65D3411517.symbols
2018-07-10 08:44:24 +0000  copying file ./Symbols/9B2B8FE3-E073-3684-A26F-B8CBB8A7C9AE.symbols ... 
2018-07-10 08:44:24 +0000  60328 bytes for ./Symbols/9B2B8FE3-E073-3684-A26F-B8CBB8A7C9AE.symbols
copying file ./Symbols/9E1FC0B9-5A61-3A1D-98D5-BAC795B97779.symbols ... 
2018-07-10 08:44:24 +0000  223712 bytes for ./Symbols/9E1FC0B9-5A61-3A1D-98D5-BAC795B97779.symbols
copying file ./Symbols/A8918F61-41B8-31F7-8310-248489B980D5.symbols ... 
2018-07-10 08:44:24 +0000  44536 bytes for ./Symbols/A8918F61-41B8-31F7-8310-248489B980D5.symbols
copying file ./Symbols/B6FA4187-E4D5-3312-9FAC-8A7793454110.symbols ... 
2018-07-10 08:44:24 +0000  223640 bytes for ./Symbols/B6FA4187-E4D5-3312-9FAC-8A7793454110.symbols
copying file ./Symbols/CA49E7B9-407C-3436-9E71-1BD96983265C.symbols ... 
2018-07-10 08:44:24 +0000  2368 bytes for ./Symbols/CA49E7B9-407C-3436-9E71-1BD96983265C.symbols
copying file ./Symbols/CACBF3AE-8ABB-362C-B85E-1BFC5879DDF8.symbols ... 
2018-07-10 08:44:24 +0000  21552 bytes for ./Symbols/CACBF3AE-8ABB-362C-B85E-1BFC5879DDF8.symbols
copying file ./Symbols/DBD251FE-2608-3963-A0A0-D8A86EB64E0C.symbols ... 
2018-07-10 08:44:24 +0000  13208 bytes for ./Symbols/DBD251FE-2608-3963-A0A0-D8A86EB64E0C.symbols
copying file ./Symbols/DCFD7479-6F7F-3200-AF77-BF3EBA498355.symbols ... 
2018-07-10 08:44:24 +0000  2368 bytes for ./Symbols/DCFD7479-6F7F-3200-AF77-BF3EBA498355.symbols
copying file ./Symbols/E3FAAA76-0D12-35BA-92BA-2D22987F0638.symbols ... 
2018-07-10 08:44:24 +0000  6592 bytes for ./Symbols/E3FAAA76-0D12-35BA-92BA-2D22987F0638.symbols
copying file ./Symbols/E82A7F82-30CF-326A-B53A-424CF8E39570.symbols ... 
2018-07-10 08:44:24 +0000  221720 bytes for ./Symbols/E82A7F82-30CF-326A-B53A-424CF8E39570.symbols
copying file ./Symbols/ED0A87D8-337C-3482-8319-4442A2EC42BF.symbols ... 
2018-07-10 08:44:24 +0000  1510592 bytes for ./Symbols/ED0A87D8-337C-3482-8319-4442A2EC42BF.symbols
copying file ./Symbols/F1F2287F-B515-3A28-BEEA-12EC2D547BF8.symbols ... 
2018-07-10 08:44:24 +0000  102384 bytes for ./Symbols/F1F2287F-B515-3A28-BEEA-12EC2D547BF8.symbols
copying file ./Symbols/F8DBDC31-7EB7-3A35-AC52-2490830DDBD4.symbols ... 
2018-07-10 08:44:24 +0000  60328 bytes for ./Symbols/F8DBDC31-7EB7-3A35-AC52-2490830DDBD4.symbols
2018-07-10 08:44:24 +0000  2018-07-10 08:44:24 +0000  

2018-07-10 08:44:24 +0000 [MT] /usr/bin/ditto exited with 0
2018-07-10 08:44:24 +0000  
2018-07-10 08:44:24 +0000  2018-07-10 08:44:24 +0000 [MT] Processing step: IDEDistributionCreateManifestStep

2018-07-10 08:44:24 +0000 [MT] Skipping step: IDEDistributionCreateManifestStep because it said so
